2025-07-09 22:06:43.968164+00:00 [notice] <0.254.0> Logging: configured log handlers are now ACTIVE
2025-07-09 22:06:43.984545+00:00 [info] <0.254.0> ra: starting system quorum_queues
2025-07-09 22:06:43.984626+00:00 [info] <0.254.0> starting Ra system: quorum_queues in directory: /var/lib/rabbitmq/mnesia/rabbit@d831a45ad6cb/quorum/rabbit@d831a45ad6cb
2025-07-09 22:06:44.120054+00:00 [info] <0.269.0> ra system 'quorum_queues' running pre init for 0 registered servers
2025-07-09 22:06:44.136843+00:00 [info] <0.270.0> ra: meta data store initialised for system quorum_queues. 0 record(s) recovered
2025-07-09 22:06:44.171871+00:00 [notice] <0.275.0> WAL: ra_log_wal init, open tbls: ra_log_open_mem_tables, closed tbls: ra_log_closed_mem_tables
2025-07-09 22:06:44.207834+00:00 [info] <0.254.0> ra: starting system coordination
2025-07-09 22:06:44.207895+00:00 [info] <0.254.0> starting Ra system: coordination in directory: /var/lib/rabbitmq/mnesia/rabbit@d831a45ad6cb/coordination/rabbit@d831a45ad6cb
2025-07-09 22:06:44.226165+00:00 [info] <0.283.0> ra system 'coordination' running pre init for 0 registered servers
2025-07-09 22:06:44.230437+00:00 [info] <0.284.0> ra: meta data store initialised for system coordination. 0 record(s) recovered
2025-07-09 22:06:44.230883+00:00 [notice] <0.289.0> WAL: ra_coordination_log_wal init, open tbls: ra_coordination_log_open_mem_tables, closed tbls: ra_coordination_log_closed_mem_tables
2025-07-09 22:06:44.246081+00:00 [info] <0.254.0> ra: starting system coordination
2025-07-09 22:06:44.246144+00:00 [info] <0.254.0> starting Ra system: coordination in directory: /var/lib/rabbitmq/mnesia/rabbit@d831a45ad6cb/coordination/rabbit@d831a45ad6cb
2025-07-09 22:06:44.412833+00:00 [info] <0.254.0> Waiting for Khepri leader for 30000 ms, 9 retries left
2025-07-09 22:06:44.432674+00:00 [notice] <0.293.0> RabbitMQ metadata store: candidate -> leader in term: 1 machine version: 1
2025-07-09 22:06:44.445454+00:00 [info] <0.254.0> Khepri leader elected
2025-07-09 22:06:44.445533+00:00 [info] <0.254.0> Waiting for Khepri projections for 30000 ms, 9 retries left
2025-07-09 22:06:44.916673+00:00 [info] <0.254.0> 
2025-07-09 22:06:44.916673+00:00 [info] <0.254.0>  Starting RabbitMQ 3.13.7 on Erlang 26.2.5.13 [jit]
2025-07-09 22:06:44.916673+00:00 [info] <0.254.0>  Copyright (c) 2007-2024 Broadcom Inc and/or its subsidiaries
2025-07-09 22:06:44.916673+00:00 [info] <0.254.0>  Licensed under the MPL 2.0. Website: https://rabbitmq.com
2025-07-09 22:06:44.918379+00:00 [info] <0.254.0> 
2025-07-09 22:06:44.918379+00:00 [info] <0.254.0>  node           : rabbit@d831a45ad6cb
2025-07-09 22:06:44.918379+00:00 [info] <0.254.0>  home dir       : /var/lib/rabbitmq
2025-07-09 22:06:44.918379+00:00 [info] <0.254.0>  config file(s) : (none)
2025-07-09 22:06:44.918379+00:00 [info] <0.254.0>  cookie hash    : I632BxIeVcljukT8rLir8Q==
2025-07-09 22:06:44.918379+00:00 [info] <0.254.0>  log(s)         : /var/log/rabbitmq/rabbit@d831a45ad6cb.log
2025-07-09 22:06:44.918379+00:00 [info] <0.254.0>                 : <stdout>
2025-07-09 22:06:44.918379+00:00 [info] <0.254.0>  data dir       : /var/lib/rabbitmq/mnesia/rabbit@d831a45ad6cb
2025-07-09 22:06:44.998761+00:00 [info] <0.254.0> Running boot step pre_boot defined by app rabbit
2025-07-09 22:06:44.998811+00:00 [info] <0.254.0> Running boot step rabbit_global_counters defined by app rabbit
2025-07-09 22:06:44.999327+00:00 [info] <0.254.0> Running boot step rabbit_osiris_metrics defined by app rabbit
2025-07-09 22:06:44.999433+00:00 [info] <0.254.0> Running boot step rabbit_core_metrics defined by app rabbit
2025-07-09 22:06:45.000250+00:00 [info] <0.254.0> Running boot step rabbit_alarm defined by app rabbit
2025-07-09 22:06:45.011467+00:00 [info] <0.329.0> Memory high watermark set to 3165 MiB (3319024844 bytes) of 7913 MiB (8297562112 bytes) total
2025-07-09 22:06:45.016654+00:00 [info] <0.331.0> Enabling free disk space monitoring (disk free space: 66608607232, total memory: 8297562112)
2025-07-09 22:06:45.016716+00:00 [info] <0.331.0> Disk free limit set to 50MB
2025-07-09 22:06:45.019233+00:00 [info] <0.254.0> Running boot step code_server_cache defined by app rabbit
2025-07-09 22:06:45.019342+00:00 [info] <0.254.0> Running boot step file_handle_cache defined by app rabbit
2025-07-09 22:06:45.028432+00:00 [info] <0.334.0> Limiting to approx 1048479 file handles (943629 sockets)
2025-07-09 22:06:45.028771+00:00 [info] <0.335.0> FHC read buffering: OFF
2025-07-09 22:06:45.028864+00:00 [info] <0.335.0> FHC write buffering: ON
2025-07-09 22:06:45.029673+00:00 [info] <0.254.0> Running boot step worker_pool defined by app rabbit
2025-07-09 22:06:45.029857+00:00 [info] <0.316.0> Will use 12 processes for default worker pool
2025-07-09 22:06:45.029936+00:00 [info] <0.316.0> Starting worker pool 'worker_pool' with 12 processes in it
2025-07-09 22:06:45.031088+00:00 [info] <0.254.0> Running boot step database defined by app rabbit
2025-07-09 22:06:45.033070+00:00 [info] <0.254.0> Peer discovery: configured backend: rabbit_peer_discovery_classic_config
2025-07-09 22:06:45.039092+00:00 [notice] <0.317.0> Feature flags: attempt to enable `quorum_queue_non_voters`...
2025-07-09 22:06:45.126545+00:00 [notice] <0.317.0> Feature flags: `quorum_queue_non_voters` enabled
2025-07-09 22:06:45.126752+00:00 [notice] <0.317.0> Feature flags: attempt to enable `stream_update_config_command`...
2025-07-09 22:06:45.247626+00:00 [notice] <0.317.0> Feature flags: `stream_update_config_command` enabled
2025-07-09 22:06:45.247908+00:00 [notice] <0.317.0> Feature flags: attempt to enable `stream_filtering`...
2025-07-09 22:06:45.351526+00:00 [notice] <0.317.0> Feature flags: `stream_filtering` enabled
2025-07-09 22:06:45.351681+00:00 [notice] <0.317.0> Feature flags: attempt to enable `stream_sac_coordinator_unblock_group`...
2025-07-09 22:06:45.437706+00:00 [notice] <0.317.0> Feature flags: `stream_sac_coordinator_unblock_group` enabled
2025-07-09 22:06:45.437876+00:00 [notice] <0.317.0> Feature flags: attempt to enable `restart_streams`...
2025-07-09 22:06:45.519925+00:00 [notice] <0.317.0> Feature flags: `restart_streams` enabled
2025-07-09 22:06:45.520027+00:00 [notice] <0.317.0> Feature flags: attempt to enable `message_containers`...
2025-07-09 22:06:45.609638+00:00 [notice] <0.317.0> Feature flags: `message_containers` enabled
2025-07-09 22:06:45.609776+00:00 [notice] <0.317.0> Feature flags: attempt to enable `message_containers_deaths_v2`...
2025-07-09 22:06:45.691536+00:00 [notice] <0.317.0> Feature flags: `message_containers_deaths_v2` enabled
2025-07-09 22:06:45.692073+00:00 [info] <0.254.0> DB: virgin node -> run peer discovery
2025-07-09 22:06:45.692124+00:00 [warning] <0.254.0> Classic peer discovery backend: list of nodes does not contain the local node []
2025-07-09 22:06:45.710142+00:00 [notice] <0.44.0> Application mnesia exited with reason: stopped
2025-07-09 22:06:46.468887+00:00 [info] <0.254.0> Waiting for Mnesia tables for 30000 ms, 9 retries left
2025-07-09 22:06:46.469251+00:00 [info] <0.254.0> Successfully synced tables from a peer
2025-07-09 22:06:46.469698+00:00 [info] <0.254.0> Waiting for Mnesia tables for 30000 ms, 9 retries left
2025-07-09 22:06:46.470063+00:00 [info] <0.254.0> Successfully synced tables from a peer
2025-07-09 22:06:46.527052+00:00 [info] <0.254.0> Waiting for Mnesia tables for 30000 ms, 9 retries left
2025-07-09 22:06:46.527207+00:00 [info] <0.254.0> Successfully synced tables from a peer
2025-07-09 22:06:46.527485+00:00 [info] <0.254.0> Running boot step tracking_metadata_store defined by app rabbit
2025-07-09 22:06:46.527536+00:00 [info] <0.559.0> Setting up a table for connection tracking on this node: tracked_connection
2025-07-09 22:06:46.527587+00:00 [info] <0.559.0> Setting up a table for per-vhost connection counting on this node: tracked_connection_per_vhost
2025-07-09 22:06:46.527640+00:00 [info] <0.559.0> Setting up a table for per-user connection counting on this node: tracked_connection_per_user
2025-07-09 22:06:46.527717+00:00 [info] <0.559.0> Setting up a table for channel tracking on this node: tracked_channel
2025-07-09 22:06:46.527771+00:00 [info] <0.559.0> Setting up a table for channel tracking on this node: tracked_channel_per_user
2025-07-09 22:06:46.527873+00:00 [info] <0.254.0> Running boot step networking_metadata_store defined by app rabbit
2025-07-09 22:06:46.528003+00:00 [info] <0.254.0> Running boot step feature_flags defined by app rabbit
2025-07-09 22:06:46.530275+00:00 [info] <0.254.0> Running boot step codec_correctness_check defined by app rabbit
2025-07-09 22:06:46.530315+00:00 [info] <0.254.0> Running boot step external_infrastructure defined by app rabbit
2025-07-09 22:06:46.530371+00:00 [info] <0.254.0> Running boot step rabbit_event defined by app rabbit
2025-07-09 22:06:46.530496+00:00 [info] <0.254.0> Running boot step rabbit_registry defined by app rabbit
2025-07-09 22:06:46.530594+00:00 [info] <0.254.0> Running boot step rabbit_auth_mechanism_amqplain defined by app rabbit
2025-07-09 22:06:46.530658+00:00 [info] <0.254.0> Running boot step rabbit_auth_mechanism_cr_demo defined by app rabbit
2025-07-09 22:06:46.530878+00:00 [info] <0.254.0> Running boot step rabbit_auth_mechanism_plain defined by app rabbit
2025-07-09 22:06:46.530994+00:00 [info] <0.254.0> Running boot step rabbit_exchange_type_direct defined by app rabbit
2025-07-09 22:06:46.531168+00:00 [info] <0.254.0> Running boot step rabbit_exchange_type_fanout defined by app rabbit
2025-07-09 22:06:46.531285+00:00 [info] <0.254.0> Running boot step rabbit_exchange_type_headers defined by app rabbit
2025-07-09 22:06:46.531435+00:00 [info] <0.254.0> Running boot step rabbit_exchange_type_topic defined by app rabbit
2025-07-09 22:06:46.531531+00:00 [info] <0.254.0> Running boot step rabbit_mirror_queue_mode_all defined by app rabbit
2025-07-09 22:06:46.531571+00:00 [info] <0.254.0> Running boot step rabbit_mirror_queue_mode_exactly defined by app rabbit
2025-07-09 22:06:46.531635+00:00 [info] <0.254.0> Running boot step rabbit_mirror_queue_mode_nodes defined by app rabbit
2025-07-09 22:06:46.531696+00:00 [info] <0.254.0> Running boot step rabbit_priority_queue defined by app rabbit
2025-07-09 22:06:46.531760+00:00 [info] <0.254.0> Priority queues enabled, real BQ is rabbit_variable_queue
2025-07-09 22:06:46.531793+00:00 [info] <0.254.0> Running boot step rabbit_queue_location_client_local defined by app rabbit
2025-07-09 22:06:46.531846+00:00 [info] <0.254.0> Running boot step rabbit_queue_location_min_masters defined by app rabbit
2025-07-09 22:06:46.531944+00:00 [info] <0.254.0> Running boot step rabbit_queue_location_random defined by app rabbit
2025-07-09 22:06:46.531991+00:00 [info] <0.254.0> Running boot step kernel_ready defined by app rabbit
2025-07-09 22:06:46.532008+00:00 [info] <0.254.0> Running boot step rabbit_sysmon_minder defined by app rabbit
2025-07-09 22:06:46.532229+00:00 [info] <0.254.0> Running boot step rabbit_epmd_monitor defined by app rabbit
2025-07-09 22:06:46.532971+00:00 [info] <0.567.0> epmd monitor knows us, inter-node communication (distribution) port: 25672
2025-07-09 22:06:46.533042+00:00 [info] <0.254.0> Running boot step guid_generator defined by app rabbit
2025-07-09 22:06:46.543356+00:00 [info] <0.254.0> Running boot step rabbit_node_monitor defined by app rabbit
2025-07-09 22:06:46.543643+00:00 [info] <0.571.0> Starting rabbit_node_monitor (in ignore mode)
2025-07-09 22:06:46.543865+00:00 [info] <0.254.0> Running boot step delegate_sup defined by app rabbit
2025-07-09 22:06:46.544444+00:00 [info] <0.254.0> Running boot step rabbit_memory_monitor defined by app rabbit
2025-07-09 22:06:46.544761+00:00 [info] <0.254.0> Running boot step rabbit_fifo_dlx_sup defined by app rabbit
2025-07-09 22:06:46.544808+00:00 [info] <0.254.0> Running boot step core_initialized defined by app rabbit
2025-07-09 22:06:46.544842+00:00 [info] <0.254.0> Running boot step rabbit_channel_tracking_handler defined by app rabbit
2025-07-09 22:06:46.544944+00:00 [info] <0.254.0> Running boot step rabbit_connection_tracking_handler defined by app rabbit
2025-07-09 22:06:46.545044+00:00 [info] <0.254.0> Running boot step rabbit_definitions_hashing defined by app rabbit
2025-07-09 22:06:46.545111+00:00 [info] <0.254.0> Running boot step rabbit_exchange_parameters defined by app rabbit
2025-07-09 22:06:46.586103+00:00 [info] <0.254.0> Running boot step rabbit_mirror_queue_misc defined by app rabbit
2025-07-09 22:06:46.588992+00:00 [info] <0.254.0> Running boot step rabbit_policies defined by app rabbit
2025-07-09 22:06:46.590667+00:00 [info] <0.254.0> Running boot step rabbit_policy defined by app rabbit
2025-07-09 22:06:46.591095+00:00 [info] <0.254.0> Running boot step rabbit_queue_location_validator defined by app rabbit
2025-07-09 22:06:46.591660+00:00 [info] <0.254.0> Running boot step rabbit_quorum_memory_manager defined by app rabbit
2025-07-09 22:06:46.591983+00:00 [info] <0.254.0> Running boot step rabbit_quorum_queue defined by app rabbit
2025-07-09 22:06:46.592941+00:00 [info] <0.254.0> Running boot step rabbit_stream_coordinator defined by app rabbit
2025-07-09 22:06:46.594957+00:00 [info] <0.254.0> Running boot step rabbit_vhost_limit defined by app rabbit
2025-07-09 22:06:46.595546+00:00 [info] <0.254.0> Running boot step recovery defined by app rabbit
2025-07-09 22:06:46.636132+00:00 [info] <0.254.0> Running boot step empty_db_check defined by app rabbit
2025-07-09 22:06:46.636285+00:00 [info] <0.254.0> Will seed default virtual host and user...
2025-07-09 22:06:46.636423+00:00 [info] <0.254.0> Adding vhost '/' (description: 'Default virtual host', tags: [])
2025-07-09 22:06:46.685987+00:00 [info] <0.614.0> Making sure data directory '/var/lib/rabbitmq/mnesia/rabbit@d831a45ad6cb/msg_stores/vhosts/628WB79CIFDYO9LJI6DKMI09L' for vhost '/' exists
2025-07-09 22:06:46.700841+00:00 [info] <0.614.0> Setting segment_entry_count for vhost '/' with 0 queues to '2048'
2025-07-09 22:06:46.735384+00:00 [info] <0.614.0> Starting message stores for vhost '/'
2025-07-09 22:06:46.747679+00:00 [info] <0.624.0> Message store "628WB79CIFDYO9LJI6DKMI09L/msg_store_transient": using rabbit_msg_store_ets_index to provide index
2025-07-09 22:06:46.756961+00:00 [info] <0.614.0> Started message store of type transient for vhost '/'
2025-07-09 22:06:46.757252+00:00 [info] <0.628.0> Message store "628WB79CIFDYO9LJI6DKMI09L/msg_store_persistent": using rabbit_msg_store_ets_index to provide index
2025-07-09 22:06:46.760035+00:00 [warning] <0.628.0> Message store "628WB79CIFDYO9LJI6DKMI09L/msg_store_persistent": rebuilding indices from scratch
2025-07-09 22:06:46.769663+00:00 [info] <0.614.0> Started message store of type persistent for vhost '/'
2025-07-09 22:06:46.770148+00:00 [info] <0.614.0> Recovering 0 queues of type rabbit_classic_queue took 64ms
2025-07-09 22:06:46.770207+00:00 [info] <0.614.0> Recovering 0 queues of type rabbit_quorum_queue took 0ms
2025-07-09 22:06:46.770283+00:00 [info] <0.614.0> Recovering 0 queues of type rabbit_stream_queue took 0ms
2025-07-09 22:06:46.774787+00:00 [info] <0.254.0> Created user 'admin'
2025-07-09 22:06:46.782516+00:00 [info] <0.254.0> Successfully set user tags for user 'admin' to [administrator]
2025-07-09 22:06:46.795180+00:00 [info] <0.254.0> Successfully set permissions for user 'admin' in virtual host '/' to '.*', '.*', '.*'
2025-07-09 22:06:46.795265+00:00 [info] <0.254.0> Running boot step rabbit_observer_cli defined by app rabbit
2025-07-09 22:06:46.795371+00:00 [info] <0.254.0> Running boot step rabbit_looking_glass defined by app rabbit
2025-07-09 22:06:46.795420+00:00 [info] <0.254.0> Running boot step rabbit_core_metrics_gc defined by app rabbit
2025-07-09 22:06:46.795669+00:00 [info] <0.254.0> Running boot step background_gc defined by app rabbit
2025-07-09 22:06:46.795846+00:00 [info] <0.254.0> Running boot step routing_ready defined by app rabbit
2025-07-09 22:06:46.795872+00:00 [info] <0.254.0> Running boot step pre_flight defined by app rabbit
2025-07-09 22:06:46.795908+00:00 [info] <0.254.0> Running boot step notify_cluster defined by app rabbit
2025-07-09 22:06:46.795953+00:00 [info] <0.254.0> Running boot step networking defined by app rabbit
2025-07-09 22:06:46.796124+00:00 [info] <0.254.0> Running boot step rabbit_quorum_queue_periodic_membership_reconciliation defined by app rabbit
2025-07-09 22:06:46.796282+00:00 [info] <0.254.0> Running boot step definition_import_worker_pool defined by app rabbit
2025-07-09 22:06:46.796310+00:00 [info] <0.316.0> Starting worker pool 'definition_import_pool' with 12 processes in it
2025-07-09 22:06:46.796892+00:00 [info] <0.254.0> Running boot step cluster_name defined by app rabbit
2025-07-09 22:06:46.796978+00:00 [info] <0.254.0> Initialising internal cluster ID to 'rabbitmq-cluster-id-wZByNLbyL4bNNI8iUQBiWw'
2025-07-09 22:06:46.803736+00:00 [info] <0.254.0> Running boot step virtual_host_reconciliation defined by app rabbit
2025-07-09 22:06:46.803976+00:00 [info] <0.254.0> Running boot step direct_client defined by app rabbit
2025-07-09 22:06:46.804212+00:00 [info] <0.673.0> Resetting node maintenance status
2025-07-09 22:06:46.804414+00:00 [info] <0.673.0> Ready to start client connection listeners
2025-07-09 22:06:46.841152+00:00 [info] <0.691.0> started TCP listener on [::]:5672
2025-07-09 22:06:46.953905+00:00 [info] <0.673.0> Server startup complete; 0 plugins started.
2025-07-09 22:06:47.004460+00:00 [info] <0.9.0> Time to start RabbitMQ: 6604 ms
2025-07-09 22:08:42.279417+00:00 [notice] <0.64.0> SIGTERM received - shutting down
2025-07-09 22:08:42.279417+00:00 [notice] <0.64.0> 
2025-07-09 22:08:42.282288+00:00 [info] <0.691.0> stopped TCP listener on [::]:5672
2025-07-09 22:08:42.283992+00:00 [info] <0.614.0> Virtual host '/' is stopping
2025-07-09 22:08:42.284133+00:00 [info] <0.717.0> Closing all connections in vhost '/' on node 'rabbit@d831a45ad6cb' because the vhost is stopping
2025-07-09 22:08:42.284170+00:00 [info] <0.628.0> Stopping message store for directory '/var/lib/rabbitmq/mnesia/rabbit@d831a45ad6cb/msg_stores/vhosts/628WB79CIFDYO9LJI6DKMI09L/msg_store_persistent'
2025-07-09 22:08:42.314688+00:00 [info] <0.628.0> Message store for directory '/var/lib/rabbitmq/mnesia/rabbit@d831a45ad6cb/msg_stores/vhosts/628WB79CIFDYO9LJI6DKMI09L/msg_store_persistent' is stopped
2025-07-09 22:08:42.314826+00:00 [info] <0.624.0> Stopping message store for directory '/var/lib/rabbitmq/mnesia/rabbit@d831a45ad6cb/msg_stores/vhosts/628WB79CIFDYO9LJI6DKMI09L/msg_store_transient'
2025-07-09 22:08:42.346204+00:00 [info] <0.624.0> Message store for directory '/var/lib/rabbitmq/mnesia/rabbit@d831a45ad6cb/msg_stores/vhosts/628WB79CIFDYO9LJI6DKMI09L/msg_store_transient' is stopped
2025-07-09 22:09:01.874101+00:00 [notice] <0.254.0> Logging: configured log handlers are now ACTIVE
2025-07-09 22:09:01.884113+00:00 [info] <0.254.0> ra: starting system quorum_queues
2025-07-09 22:09:01.884204+00:00 [info] <0.254.0> starting Ra system: quorum_queues in directory: /var/lib/rabbitmq/mnesia/rabbit@d831a45ad6cb/quorum/rabbit@d831a45ad6cb
2025-07-09 22:09:01.989147+00:00 [info] <0.269.0> ra system 'quorum_queues' running pre init for 0 registered servers
2025-07-09 22:09:02.005170+00:00 [info] <0.270.0> ra: meta data store initialised for system quorum_queues. 0 record(s) recovered
2025-07-09 22:09:02.022275+00:00 [notice] <0.275.0> WAL: ra_log_wal init, open tbls: ra_log_open_mem_tables, closed tbls: ra_log_closed_mem_tables
2025-07-09 22:09:02.053572+00:00 [info] <0.254.0> ra: starting system coordination
2025-07-09 22:09:02.053616+00:00 [info] <0.254.0> starting Ra system: coordination in directory: /var/lib/rabbitmq/mnesia/rabbit@d831a45ad6cb/coordination/rabbit@d831a45ad6cb
2025-07-09 22:09:02.074966+00:00 [info] <0.283.0> ra system 'coordination' running pre init for 1 registered servers
2025-07-09 22:09:02.112536+00:00 [info] <0.284.0> ra: meta data store initialised for system coordination. 1 record(s) recovered
2025-07-09 22:09:02.112758+00:00 [notice] <0.289.0> WAL: ra_coordination_log_wal init, open tbls: ra_coordination_log_open_mem_tables, closed tbls: ra_coordination_log_closed_mem_tables
2025-07-09 22:09:02.136370+00:00 [info] <0.254.0> ra: starting system coordination
2025-07-09 22:09:02.136455+00:00 [info] <0.254.0> starting Ra system: coordination in directory: /var/lib/rabbitmq/mnesia/rabbit@d831a45ad6cb/coordination/rabbit@d831a45ad6cb
2025-07-09 22:09:02.259869+00:00 [info] <0.254.0> Waiting for Khepri leader for 30000 ms, 9 retries left
2025-07-09 22:09:02.289368+00:00 [info] <0.254.0> Khepri leader elected
2025-07-09 22:09:02.289430+00:00 [info] <0.254.0> Waiting for Khepri projections for 30000 ms, 9 retries left
2025-07-09 22:09:02.708913+00:00 [notice] <0.294.0> RabbitMQ metadata store: candidate -> leader in term: 2 machine version: 1
2025-07-09 22:09:03.247191+00:00 [info] <0.254.0> 
2025-07-09 22:09:03.247191+00:00 [info] <0.254.0>  Starting RabbitMQ 3.13.7 on Erlang 26.2.5.13 [jit]
2025-07-09 22:09:03.247191+00:00 [info] <0.254.0>  Copyright (c) 2007-2024 Broadcom Inc and/or its subsidiaries
2025-07-09 22:09:03.247191+00:00 [info] <0.254.0>  Licensed under the MPL 2.0. Website: https://rabbitmq.com
2025-07-09 22:09:03.249684+00:00 [info] <0.254.0> 
2025-07-09 22:09:03.249684+00:00 [info] <0.254.0>  node           : rabbit@d831a45ad6cb
2025-07-09 22:09:03.249684+00:00 [info] <0.254.0>  home dir       : /var/lib/rabbitmq
2025-07-09 22:09:03.249684+00:00 [info] <0.254.0>  config file(s) : (none)
2025-07-09 22:09:03.249684+00:00 [info] <0.254.0>  cookie hash    : I632BxIeVcljukT8rLir8Q==
2025-07-09 22:09:03.249684+00:00 [info] <0.254.0>  log(s)         : /var/log/rabbitmq/rabbit@d831a45ad6cb.log
2025-07-09 22:09:03.249684+00:00 [info] <0.254.0>                 : <stdout>
2025-07-09 22:09:03.249684+00:00 [info] <0.254.0>  data dir       : /var/lib/rabbitmq/mnesia/rabbit@d831a45ad6cb
2025-07-09 22:09:03.388394+00:00 [info] <0.254.0> Running boot step pre_boot defined by app rabbit
2025-07-09 22:09:03.388441+00:00 [info] <0.254.0> Running boot step rabbit_global_counters defined by app rabbit
2025-07-09 22:09:03.388608+00:00 [info] <0.254.0> Running boot step rabbit_osiris_metrics defined by app rabbit
2025-07-09 22:09:03.388666+00:00 [info] <0.254.0> Running boot step rabbit_core_metrics defined by app rabbit
2025-07-09 22:09:03.389413+00:00 [info] <0.254.0> Running boot step rabbit_alarm defined by app rabbit
2025-07-09 22:09:03.401246+00:00 [info] <0.405.0> Memory high watermark set to 3165 MiB (3319024844 bytes) of 7913 MiB (8297562112 bytes) total
2025-07-09 22:09:03.404561+00:00 [info] <0.407.0> Enabling free disk space monitoring (disk free space: 66485620736, total memory: 8297562112)
2025-07-09 22:09:03.404637+00:00 [info] <0.407.0> Disk free limit set to 50MB
2025-07-09 22:09:03.407147+00:00 [info] <0.254.0> Running boot step code_server_cache defined by app rabbit
2025-07-09 22:09:03.407264+00:00 [info] <0.254.0> Running boot step file_handle_cache defined by app rabbit
2025-07-09 22:09:03.414682+00:00 [info] <0.410.0> Limiting to approx 1048479 file handles (943629 sockets)
2025-07-09 22:09:03.414857+00:00 [info] <0.411.0> FHC read buffering: OFF
2025-07-09 22:09:03.414885+00:00 [info] <0.411.0> FHC write buffering: ON
2025-07-09 22:09:03.415719+00:00 [info] <0.254.0> Running boot step worker_pool defined by app rabbit
2025-07-09 22:09:03.415897+00:00 [info] <0.337.0> Will use 12 processes for default worker pool
2025-07-09 22:09:03.415938+00:00 [info] <0.337.0> Starting worker pool 'worker_pool' with 12 processes in it
2025-07-09 22:09:03.416591+00:00 [info] <0.254.0> Running boot step database defined by app rabbit
2025-07-09 22:09:03.418737+00:00 [info] <0.254.0> Peer discovery: configured backend: rabbit_peer_discovery_classic_config
2025-07-09 22:09:03.427341+00:00 [info] <0.254.0> Waiting for Mnesia tables for 30000 ms, 9 retries left
2025-07-09 22:09:03.440125+00:00 [info] <0.254.0> Successfully synced tables from a peer
2025-07-09 22:09:03.466942+00:00 [info] <0.254.0> Waiting for Mnesia tables for 30000 ms, 9 retries left
2025-07-09 22:09:03.467088+00:00 [info] <0.254.0> Successfully synced tables from a peer
2025-07-09 22:09:03.467191+00:00 [info] <0.254.0> Running boot step tracking_metadata_store defined by app rabbit
2025-07-09 22:09:03.467305+00:00 [info] <0.433.0> Setting up a table for connection tracking on this node: tracked_connection
2025-07-09 22:09:03.467345+00:00 [info] <0.433.0> Setting up a table for per-vhost connection counting on this node: tracked_connection_per_vhost
2025-07-09 22:09:03.467420+00:00 [info] <0.433.0> Setting up a table for per-user connection counting on this node: tracked_connection_per_user
2025-07-09 22:09:03.467474+00:00 [info] <0.433.0> Setting up a table for channel tracking on this node: tracked_channel
2025-07-09 22:09:03.467521+00:00 [info] <0.433.0> Setting up a table for channel tracking on this node: tracked_channel_per_user
2025-07-09 22:09:03.467599+00:00 [info] <0.254.0> Running boot step networking_metadata_store defined by app rabbit
2025-07-09 22:09:03.467686+00:00 [info] <0.254.0> Running boot step feature_flags defined by app rabbit
2025-07-09 22:09:03.469346+00:00 [info] <0.254.0> Running boot step codec_correctness_check defined by app rabbit
2025-07-09 22:09:03.469395+00:00 [info] <0.254.0> Running boot step external_infrastructure defined by app rabbit
2025-07-09 22:09:03.469463+00:00 [info] <0.254.0> Running boot step rabbit_event defined by app rabbit
2025-07-09 22:09:03.469582+00:00 [info] <0.254.0> Running boot step rabbit_registry defined by app rabbit
2025-07-09 22:09:03.469695+00:00 [info] <0.254.0> Running boot step rabbit_auth_mechanism_amqplain defined by app rabbit
2025-07-09 22:09:03.469760+00:00 [info] <0.254.0> Running boot step rabbit_auth_mechanism_cr_demo defined by app rabbit
2025-07-09 22:09:03.469835+00:00 [info] <0.254.0> Running boot step rabbit_auth_mechanism_plain defined by app rabbit
2025-07-09 22:09:03.469900+00:00 [info] <0.254.0> Running boot step rabbit_exchange_type_direct defined by app rabbit
2025-07-09 22:09:03.469938+00:00 [info] <0.254.0> Running boot step rabbit_exchange_type_fanout defined by app rabbit
2025-07-09 22:09:03.470069+00:00 [info] <0.254.0> Running boot step rabbit_exchange_type_headers defined by app rabbit
2025-07-09 22:09:03.470171+00:00 [info] <0.254.0> Running boot step rabbit_exchange_type_topic defined by app rabbit
2025-07-09 22:09:03.470259+00:00 [info] <0.254.0> Running boot step rabbit_mirror_queue_mode_all defined by app rabbit
2025-07-09 22:09:03.470360+00:00 [info] <0.254.0> Running boot step rabbit_mirror_queue_mode_exactly defined by app rabbit
2025-07-09 22:09:03.470442+00:00 [info] <0.254.0> Running boot step rabbit_mirror_queue_mode_nodes defined by app rabbit
2025-07-09 22:09:03.470535+00:00 [info] <0.254.0> Running boot step rabbit_priority_queue defined by app rabbit
2025-07-09 22:09:03.470558+00:00 [info] <0.254.0> Priority queues enabled, real BQ is rabbit_variable_queue
2025-07-09 22:09:03.470594+00:00 [info] <0.254.0> Running boot step rabbit_queue_location_client_local defined by app rabbit
2025-07-09 22:09:03.470626+00:00 [info] <0.254.0> Running boot step rabbit_queue_location_min_masters defined by app rabbit
2025-07-09 22:09:03.470678+00:00 [info] <0.254.0> Running boot step rabbit_queue_location_random defined by app rabbit
2025-07-09 22:09:03.470757+00:00 [info] <0.254.0> Running boot step kernel_ready defined by app rabbit
2025-07-09 22:09:03.470776+00:00 [info] <0.254.0> Running boot step rabbit_sysmon_minder defined by app rabbit
2025-07-09 22:09:03.470960+00:00 [info] <0.254.0> Running boot step rabbit_epmd_monitor defined by app rabbit
2025-07-09 22:09:03.471661+00:00 [info] <0.441.0> epmd monitor knows us, inter-node communication (distribution) port: 25672
2025-07-09 22:09:03.471729+00:00 [info] <0.254.0> Running boot step guid_generator defined by app rabbit
2025-07-09 22:09:03.485274+00:00 [info] <0.254.0> Running boot step rabbit_node_monitor defined by app rabbit
2025-07-09 22:09:03.485539+00:00 [info] <0.445.0> Starting rabbit_node_monitor (in ignore mode)
2025-07-09 22:09:03.485691+00:00 [info] <0.254.0> Running boot step delegate_sup defined by app rabbit
2025-07-09 22:09:03.486132+00:00 [info] <0.254.0> Running boot step rabbit_memory_monitor defined by app rabbit
2025-07-09 22:09:03.486308+00:00 [info] <0.254.0> Running boot step rabbit_fifo_dlx_sup defined by app rabbit
2025-07-09 22:09:03.486371+00:00 [info] <0.254.0> Running boot step core_initialized defined by app rabbit
2025-07-09 22:09:03.486406+00:00 [info] <0.254.0> Running boot step rabbit_channel_tracking_handler defined by app rabbit
2025-07-09 22:09:03.486498+00:00 [info] <0.254.0> Running boot step rabbit_connection_tracking_handler defined by app rabbit
2025-07-09 22:09:03.486548+00:00 [info] <0.254.0> Running boot step rabbit_definitions_hashing defined by app rabbit
2025-07-09 22:09:03.486659+00:00 [info] <0.254.0> Running boot step rabbit_exchange_parameters defined by app rabbit
2025-07-09 22:09:03.499978+00:00 [info] <0.254.0> Running boot step rabbit_mirror_queue_misc defined by app rabbit
2025-07-09 22:09:03.500298+00:00 [info] <0.254.0> Running boot step rabbit_policies defined by app rabbit
2025-07-09 22:09:03.500577+00:00 [info] <0.254.0> Running boot step rabbit_policy defined by app rabbit
2025-07-09 22:09:03.500612+00:00 [info] <0.254.0> Running boot step rabbit_queue_location_validator defined by app rabbit
2025-07-09 22:09:03.500635+00:00 [info] <0.254.0> Running boot step rabbit_quorum_memory_manager defined by app rabbit
2025-07-09 22:09:03.500681+00:00 [info] <0.254.0> Running boot step rabbit_quorum_queue defined by app rabbit
2025-07-09 22:09:03.500795+00:00 [info] <0.254.0> Running boot step rabbit_stream_coordinator defined by app rabbit
2025-07-09 22:09:03.501218+00:00 [info] <0.254.0> Running boot step rabbit_vhost_limit defined by app rabbit
2025-07-09 22:09:03.501265+00:00 [info] <0.254.0> Running boot step recovery defined by app rabbit
2025-07-09 22:09:03.517107+00:00 [info] <0.478.0> Making sure data directory '/var/lib/rabbitmq/mnesia/rabbit@d831a45ad6cb/msg_stores/vhosts/628WB79CIFDYO9LJI6DKMI09L' for vhost '/' exists
2025-07-09 22:09:03.564399+00:00 [info] <0.478.0> Starting message stores for vhost '/'
2025-07-09 22:09:03.572400+00:00 [info] <0.488.0> Message store "628WB79CIFDYO9LJI6DKMI09L/msg_store_transient": using rabbit_msg_store_ets_index to provide index
2025-07-09 22:09:03.602184+00:00 [info] <0.478.0> Started message store of type transient for vhost '/'
2025-07-09 22:09:03.602434+00:00 [info] <0.492.0> Message store "628WB79CIFDYO9LJI6DKMI09L/msg_store_persistent": using rabbit_msg_store_ets_index to provide index
2025-07-09 22:09:03.620399+00:00 [info] <0.478.0> Started message store of type persistent for vhost '/'
2025-07-09 22:09:03.620552+00:00 [info] <0.478.0> Recovering 0 queues of type rabbit_classic_queue took 90ms
2025-07-09 22:09:03.620578+00:00 [info] <0.478.0> Recovering 0 queues of type rabbit_quorum_queue took 0ms
2025-07-09 22:09:03.620624+00:00 [info] <0.478.0> Recovering 0 queues of type rabbit_stream_queue took 0ms
2025-07-09 22:09:03.622453+00:00 [info] <0.254.0> Running boot step empty_db_check defined by app rabbit
2025-07-09 22:09:03.622509+00:00 [info] <0.254.0> Will not seed default virtual host and user: have definitions to load...
2025-07-09 22:09:03.622575+00:00 [info] <0.254.0> Running boot step rabbit_observer_cli defined by app rabbit
2025-07-09 22:09:03.622667+00:00 [info] <0.254.0> Running boot step rabbit_looking_glass defined by app rabbit
2025-07-09 22:09:03.622699+00:00 [info] <0.254.0> Running boot step rabbit_core_metrics_gc defined by app rabbit
2025-07-09 22:09:03.622821+00:00 [info] <0.254.0> Running boot step background_gc defined by app rabbit
2025-07-09 22:09:03.623028+00:00 [info] <0.254.0> Running boot step routing_ready defined by app rabbit
2025-07-09 22:09:03.623060+00:00 [info] <0.254.0> Running boot step pre_flight defined by app rabbit
2025-07-09 22:09:03.623092+00:00 [info] <0.254.0> Running boot step notify_cluster defined by app rabbit
2025-07-09 22:09:03.623133+00:00 [info] <0.254.0> Running boot step networking defined by app rabbit
2025-07-09 22:09:03.623221+00:00 [info] <0.254.0> Running boot step rabbit_quorum_queue_periodic_membership_reconciliation defined by app rabbit
2025-07-09 22:09:03.623339+00:00 [info] <0.254.0> Running boot step definition_import_worker_pool defined by app rabbit
2025-07-09 22:09:03.623370+00:00 [info] <0.337.0> Starting worker pool 'definition_import_pool' with 12 processes in it
2025-07-09 22:09:03.624139+00:00 [info] <0.254.0> Running boot step cluster_name defined by app rabbit
2025-07-09 22:09:03.624198+00:00 [info] <0.254.0> Running boot step virtual_host_reconciliation defined by app rabbit
2025-07-09 22:09:03.624445+00:00 [info] <0.254.0> Running boot step direct_client defined by app rabbit
2025-07-09 22:09:03.624561+00:00 [info] <0.538.0> Resetting node maintenance status
2025-07-09 22:09:03.624692+00:00 [info] <0.538.0> Ready to start client connection listeners
2025-07-09 22:09:03.656806+00:00 [info] <0.556.0> started TCP listener on [::]:5672
2025-07-09 22:09:03.768992+00:00 [info] <0.538.0> Server startup complete; 0 plugins started.
2025-07-09 22:09:03.825231+00:00 [info] <0.9.0> Time to start RabbitMQ: 4895 ms
2025-07-09 22:22:46.281018+00:00 [notice] <0.64.0> SIGTERM received - shutting down
2025-07-09 22:22:46.281018+00:00 [notice] <0.64.0> 
2025-07-09 22:22:46.285825+00:00 [info] <0.556.0> stopped TCP listener on [::]:5672
2025-07-09 22:22:46.287377+00:00 [info] <0.478.0> Virtual host '/' is stopping
2025-07-09 22:22:46.287546+00:00 [info] <0.602.0> Closing all connections in vhost '/' on node 'rabbit@d831a45ad6cb' because the vhost is stopping
2025-07-09 22:22:46.287604+00:00 [info] <0.492.0> Stopping message store for directory '/var/lib/rabbitmq/mnesia/rabbit@d831a45ad6cb/msg_stores/vhosts/628WB79CIFDYO9LJI6DKMI09L/msg_store_persistent'
2025-07-09 22:22:46.356788+00:00 [info] <0.492.0> Message store for directory '/var/lib/rabbitmq/mnesia/rabbit@d831a45ad6cb/msg_stores/vhosts/628WB79CIFDYO9LJI6DKMI09L/msg_store_persistent' is stopped
2025-07-09 22:22:46.357085+00:00 [info] <0.488.0> Stopping message store for directory '/var/lib/rabbitmq/mnesia/rabbit@d831a45ad6cb/msg_stores/vhosts/628WB79CIFDYO9LJI6DKMI09L/msg_store_transient'
2025-07-09 22:22:46.387263+00:00 [info] <0.488.0> Message store for directory '/var/lib/rabbitmq/mnesia/rabbit@d831a45ad6cb/msg_stores/vhosts/628WB79CIFDYO9LJI6DKMI09L/msg_store_transient' is stopped
