2025-07-09 21:45:40.233648+00:00 [notice] <0.254.0> Logging: configured log handlers are now ACTIVE
2025-07-09 21:45:40.243776+00:00 [info] <0.254.0> ra: starting system quorum_queues
2025-07-09 21:45:40.243850+00:00 [info] <0.254.0> starting Ra system: quorum_queues in directory: /var/lib/rabbitmq/mnesia/rabbit@0ecbaec9a95a/quorum/rabbit@0ecbaec9a95a
2025-07-09 21:45:40.344949+00:00 [info] <0.269.0> ra system 'quorum_queues' running pre init for 0 registered servers
2025-07-09 21:45:40.363828+00:00 [info] <0.270.0> ra: meta data store initialised for system quorum_queues. 0 record(s) recovered
2025-07-09 21:45:40.383341+00:00 [notice] <0.275.0> WAL: ra_log_wal init, open tbls: ra_log_open_mem_tables, closed tbls: ra_log_closed_mem_tables
2025-07-09 21:45:40.420905+00:00 [info] <0.254.0> ra: starting system coordination
2025-07-09 21:45:40.420963+00:00 [info] <0.254.0> starting Ra system: coordination in directory: /var/lib/rabbitmq/mnesia/rabbit@0ecbaec9a95a/coordination/rabbit@0ecbaec9a95a
2025-07-09 21:45:40.434738+00:00 [info] <0.283.0> ra system 'coordination' running pre init for 0 registered servers
2025-07-09 21:45:40.438600+00:00 [info] <0.284.0> ra: meta data store initialised for system coordination. 0 record(s) recovered
2025-07-09 21:45:40.438789+00:00 [notice] <0.289.0> WAL: ra_coordination_log_wal init, open tbls: ra_coordination_log_open_mem_tables, closed tbls: ra_coordination_log_closed_mem_tables
2025-07-09 21:45:40.454093+00:00 [info] <0.254.0> ra: starting system coordination
2025-07-09 21:45:40.454141+00:00 [info] <0.254.0> starting Ra system: coordination in directory: /var/lib/rabbitmq/mnesia/rabbit@0ecbaec9a95a/coordination/rabbit@0ecbaec9a95a
2025-07-09 21:45:40.622394+00:00 [info] <0.254.0> Waiting for Khepri leader for 30000 ms, 9 retries left
2025-07-09 21:45:40.637695+00:00 [notice] <0.293.0> RabbitMQ metadata store: candidate -> leader in term: 1 machine version: 1
2025-07-09 21:45:40.646377+00:00 [info] <0.254.0> Khepri leader elected
2025-07-09 21:45:40.646427+00:00 [info] <0.254.0> Waiting for Khepri projections for 30000 ms, 9 retries left
2025-07-09 21:45:41.182621+00:00 [info] <0.254.0> 
2025-07-09 21:45:41.182621+00:00 [info] <0.254.0>  Starting RabbitMQ 3.13.7 on Erlang 26.2.5.13 [jit]
2025-07-09 21:45:41.182621+00:00 [info] <0.254.0>  Copyright (c) 2007-2024 Broadcom Inc and/or its subsidiaries
2025-07-09 21:45:41.182621+00:00 [info] <0.254.0>  Licensed under the MPL 2.0. Website: https://rabbitmq.com
2025-07-09 21:45:41.184653+00:00 [info] <0.254.0> 
2025-07-09 21:45:41.184653+00:00 [info] <0.254.0>  node           : rabbit@0ecbaec9a95a
2025-07-09 21:45:41.184653+00:00 [info] <0.254.0>  home dir       : /var/lib/rabbitmq
2025-07-09 21:45:41.184653+00:00 [info] <0.254.0>  config file(s) : (none)
2025-07-09 21:45:41.184653+00:00 [info] <0.254.0>  cookie hash    : I632BxIeVcljukT8rLir8Q==
2025-07-09 21:45:41.184653+00:00 [info] <0.254.0>  log(s)         : /var/log/rabbitmq/rabbit@0ecbaec9a95a.log
2025-07-09 21:45:41.184653+00:00 [info] <0.254.0>                 : <stdout>
2025-07-09 21:45:41.184653+00:00 [info] <0.254.0>  data dir       : /var/lib/rabbitmq/mnesia/rabbit@0ecbaec9a95a
2025-07-09 21:45:41.262036+00:00 [info] <0.254.0> Running boot step pre_boot defined by app rabbit
2025-07-09 21:45:41.262082+00:00 [info] <0.254.0> Running boot step rabbit_global_counters defined by app rabbit
2025-07-09 21:45:41.262243+00:00 [info] <0.254.0> Running boot step rabbit_osiris_metrics defined by app rabbit
2025-07-09 21:45:41.262302+00:00 [info] <0.254.0> Running boot step rabbit_core_metrics defined by app rabbit
2025-07-09 21:45:41.263068+00:00 [info] <0.254.0> Running boot step rabbit_alarm defined by app rabbit
2025-07-09 21:45:41.274188+00:00 [info] <0.329.0> Memory high watermark set to 3165 MiB (3319024844 bytes) of 7913 MiB (8297562112 bytes) total
2025-07-09 21:45:41.277753+00:00 [info] <0.331.0> Enabling free disk space monitoring (disk free space: 72161935360, total memory: 8297562112)
2025-07-09 21:45:41.277809+00:00 [info] <0.331.0> Disk free limit set to 50MB
2025-07-09 21:45:41.280135+00:00 [info] <0.254.0> Running boot step code_server_cache defined by app rabbit
2025-07-09 21:45:41.280277+00:00 [info] <0.254.0> Running boot step file_handle_cache defined by app rabbit
2025-07-09 21:45:41.289363+00:00 [info] <0.334.0> Limiting to approx 1048479 file handles (943629 sockets)
2025-07-09 21:45:41.289631+00:00 [info] <0.335.0> FHC read buffering: OFF
2025-07-09 21:45:41.289678+00:00 [info] <0.335.0> FHC write buffering: ON
2025-07-09 21:45:41.290203+00:00 [info] <0.254.0> Running boot step worker_pool defined by app rabbit
2025-07-09 21:45:41.290307+00:00 [info] <0.316.0> Will use 12 processes for default worker pool
2025-07-09 21:45:41.290333+00:00 [info] <0.316.0> Starting worker pool 'worker_pool' with 12 processes in it
2025-07-09 21:45:41.290918+00:00 [info] <0.254.0> Running boot step database defined by app rabbit
2025-07-09 21:45:41.292264+00:00 [info] <0.254.0> Peer discovery: configured backend: rabbit_peer_discovery_classic_config
2025-07-09 21:45:41.299281+00:00 [notice] <0.317.0> Feature flags: attempt to enable `quorum_queue_non_voters`...
2025-07-09 21:45:41.395734+00:00 [notice] <0.317.0> Feature flags: `quorum_queue_non_voters` enabled
2025-07-09 21:45:41.395844+00:00 [notice] <0.317.0> Feature flags: attempt to enable `stream_update_config_command`...
2025-07-09 21:45:41.475930+00:00 [notice] <0.317.0> Feature flags: `stream_update_config_command` enabled
2025-07-09 21:45:41.476090+00:00 [notice] <0.317.0> Feature flags: attempt to enable `stream_filtering`...
2025-07-09 21:45:41.555722+00:00 [notice] <0.317.0> Feature flags: `stream_filtering` enabled
2025-07-09 21:45:41.555820+00:00 [notice] <0.317.0> Feature flags: attempt to enable `stream_sac_coordinator_unblock_group`...
2025-07-09 21:45:41.631526+00:00 [notice] <0.317.0> Feature flags: `stream_sac_coordinator_unblock_group` enabled
2025-07-09 21:45:41.631644+00:00 [notice] <0.317.0> Feature flags: attempt to enable `restart_streams`...
2025-07-09 21:45:41.704804+00:00 [notice] <0.317.0> Feature flags: `restart_streams` enabled
2025-07-09 21:45:41.705007+00:00 [notice] <0.317.0> Feature flags: attempt to enable `message_containers`...
2025-07-09 21:45:41.780598+00:00 [notice] <0.317.0> Feature flags: `message_containers` enabled
2025-07-09 21:45:41.780740+00:00 [notice] <0.317.0> Feature flags: attempt to enable `message_containers_deaths_v2`...
2025-07-09 21:45:41.862911+00:00 [notice] <0.317.0> Feature flags: `message_containers_deaths_v2` enabled
2025-07-09 21:45:41.863265+00:00 [info] <0.254.0> DB: virgin node -> run peer discovery
2025-07-09 21:45:41.863321+00:00 [warning] <0.254.0> Classic peer discovery backend: list of nodes does not contain the local node []
2025-07-09 21:45:41.876825+00:00 [notice] <0.44.0> Application mnesia exited with reason: stopped
2025-07-09 21:45:42.580725+00:00 [info] <0.254.0> Waiting for Mnesia tables for 30000 ms, 9 retries left
2025-07-09 21:45:42.580860+00:00 [info] <0.254.0> Successfully synced tables from a peer
2025-07-09 21:45:42.581001+00:00 [info] <0.254.0> Waiting for Mnesia tables for 30000 ms, 9 retries left
2025-07-09 21:45:42.581132+00:00 [info] <0.254.0> Successfully synced tables from a peer
2025-07-09 21:45:42.617023+00:00 [info] <0.254.0> Waiting for Mnesia tables for 30000 ms, 9 retries left
2025-07-09 21:45:42.617214+00:00 [info] <0.254.0> Successfully synced tables from a peer
2025-07-09 21:45:42.617367+00:00 [info] <0.254.0> Running boot step tracking_metadata_store defined by app rabbit
2025-07-09 21:45:42.617474+00:00 [info] <0.559.0> Setting up a table for connection tracking on this node: tracked_connection
2025-07-09 21:45:42.617509+00:00 [info] <0.559.0> Setting up a table for per-vhost connection counting on this node: tracked_connection_per_vhost
2025-07-09 21:45:42.617588+00:00 [info] <0.559.0> Setting up a table for per-user connection counting on this node: tracked_connection_per_user
2025-07-09 21:45:42.617622+00:00 [info] <0.559.0> Setting up a table for channel tracking on this node: tracked_channel
2025-07-09 21:45:42.617664+00:00 [info] <0.559.0> Setting up a table for channel tracking on this node: tracked_channel_per_user
2025-07-09 21:45:42.617708+00:00 [info] <0.254.0> Running boot step networking_metadata_store defined by app rabbit
2025-07-09 21:45:42.617798+00:00 [info] <0.254.0> Running boot step feature_flags defined by app rabbit
2025-07-09 21:45:42.619757+00:00 [info] <0.254.0> Running boot step codec_correctness_check defined by app rabbit
2025-07-09 21:45:42.619815+00:00 [info] <0.254.0> Running boot step external_infrastructure defined by app rabbit
2025-07-09 21:45:42.619855+00:00 [info] <0.254.0> Running boot step rabbit_event defined by app rabbit
2025-07-09 21:45:42.619978+00:00 [info] <0.254.0> Running boot step rabbit_registry defined by app rabbit
2025-07-09 21:45:42.620071+00:00 [info] <0.254.0> Running boot step rabbit_auth_mechanism_amqplain defined by app rabbit
2025-07-09 21:45:42.620140+00:00 [info] <0.254.0> Running boot step rabbit_auth_mechanism_cr_demo defined by app rabbit
2025-07-09 21:45:42.620457+00:00 [info] <0.254.0> Running boot step rabbit_auth_mechanism_plain defined by app rabbit
2025-07-09 21:45:42.620593+00:00 [info] <0.254.0> Running boot step rabbit_exchange_type_direct defined by app rabbit
2025-07-09 21:45:42.620723+00:00 [info] <0.254.0> Running boot step rabbit_exchange_type_fanout defined by app rabbit
2025-07-09 21:45:42.620834+00:00 [info] <0.254.0> Running boot step rabbit_exchange_type_headers defined by app rabbit
2025-07-09 21:45:42.620917+00:00 [info] <0.254.0> Running boot step rabbit_exchange_type_topic defined by app rabbit
2025-07-09 21:45:42.620977+00:00 [info] <0.254.0> Running boot step rabbit_mirror_queue_mode_all defined by app rabbit
2025-07-09 21:45:42.621014+00:00 [info] <0.254.0> Running boot step rabbit_mirror_queue_mode_exactly defined by app rabbit
2025-07-09 21:45:42.621109+00:00 [info] <0.254.0> Running boot step rabbit_mirror_queue_mode_nodes defined by app rabbit
2025-07-09 21:45:42.621150+00:00 [info] <0.254.0> Running boot step rabbit_priority_queue defined by app rabbit
2025-07-09 21:45:42.621169+00:00 [info] <0.254.0> Priority queues enabled, real BQ is rabbit_variable_queue
2025-07-09 21:45:42.621209+00:00 [info] <0.254.0> Running boot step rabbit_queue_location_client_local defined by app rabbit
2025-07-09 21:45:42.621295+00:00 [info] <0.254.0> Running boot step rabbit_queue_location_min_masters defined by app rabbit
2025-07-09 21:45:42.621330+00:00 [info] <0.254.0> Running boot step rabbit_queue_location_random defined by app rabbit
2025-07-09 21:45:42.621376+00:00 [info] <0.254.0> Running boot step kernel_ready defined by app rabbit
2025-07-09 21:45:42.621394+00:00 [info] <0.254.0> Running boot step rabbit_sysmon_minder defined by app rabbit
2025-07-09 21:45:42.621644+00:00 [info] <0.254.0> Running boot step rabbit_epmd_monitor defined by app rabbit
2025-07-09 21:45:42.622504+00:00 [info] <0.567.0> epmd monitor knows us, inter-node communication (distribution) port: 25672
2025-07-09 21:45:42.622604+00:00 [info] <0.254.0> Running boot step guid_generator defined by app rabbit
2025-07-09 21:45:42.635864+00:00 [info] <0.254.0> Running boot step rabbit_node_monitor defined by app rabbit
2025-07-09 21:45:42.636092+00:00 [info] <0.571.0> Starting rabbit_node_monitor (in ignore mode)
2025-07-09 21:45:42.636193+00:00 [info] <0.254.0> Running boot step delegate_sup defined by app rabbit
2025-07-09 21:45:42.636591+00:00 [info] <0.254.0> Running boot step rabbit_memory_monitor defined by app rabbit
2025-07-09 21:45:42.636803+00:00 [info] <0.254.0> Running boot step rabbit_fifo_dlx_sup defined by app rabbit
2025-07-09 21:45:42.636860+00:00 [info] <0.254.0> Running boot step core_initialized defined by app rabbit
2025-07-09 21:45:42.636896+00:00 [info] <0.254.0> Running boot step rabbit_channel_tracking_handler defined by app rabbit
2025-07-09 21:45:42.636949+00:00 [info] <0.254.0> Running boot step rabbit_connection_tracking_handler defined by app rabbit
2025-07-09 21:45:42.636996+00:00 [info] <0.254.0> Running boot step rabbit_definitions_hashing defined by app rabbit
2025-07-09 21:45:42.637084+00:00 [info] <0.254.0> Running boot step rabbit_exchange_parameters defined by app rabbit
2025-07-09 21:45:42.672533+00:00 [info] <0.254.0> Running boot step rabbit_mirror_queue_misc defined by app rabbit
2025-07-09 21:45:42.673076+00:00 [info] <0.254.0> Running boot step rabbit_policies defined by app rabbit
2025-07-09 21:45:42.673439+00:00 [info] <0.254.0> Running boot step rabbit_policy defined by app rabbit
2025-07-09 21:45:42.673518+00:00 [info] <0.254.0> Running boot step rabbit_queue_location_validator defined by app rabbit
2025-07-09 21:45:42.673548+00:00 [info] <0.254.0> Running boot step rabbit_quorum_memory_manager defined by app rabbit
2025-07-09 21:45:42.673596+00:00 [info] <0.254.0> Running boot step rabbit_quorum_queue defined by app rabbit
2025-07-09 21:45:42.673697+00:00 [info] <0.254.0> Running boot step rabbit_stream_coordinator defined by app rabbit
2025-07-09 21:45:42.674079+00:00 [info] <0.254.0> Running boot step rabbit_vhost_limit defined by app rabbit
2025-07-09 21:45:42.674182+00:00 [info] <0.254.0> Running boot step recovery defined by app rabbit
2025-07-09 21:45:42.690829+00:00 [info] <0.254.0> Running boot step empty_db_check defined by app rabbit
2025-07-09 21:45:42.690903+00:00 [info] <0.254.0> Will seed default virtual host and user...
2025-07-09 21:45:42.691002+00:00 [info] <0.254.0> Adding vhost '/' (description: 'Default virtual host', tags: [])
2025-07-09 21:45:42.832150+00:00 [info] <0.614.0> Making sure data directory '/var/lib/rabbitmq/mnesia/rabbit@0ecbaec9a95a/msg_stores/vhosts/628WB79CIFDYO9LJI6DKMI09L' for vhost '/' exists
2025-07-09 21:45:42.844662+00:00 [info] <0.614.0> Setting segment_entry_count for vhost '/' with 0 queues to '2048'
2025-07-09 21:45:42.882952+00:00 [info] <0.614.0> Starting message stores for vhost '/'
2025-07-09 21:45:42.890399+00:00 [info] <0.624.0> Message store "628WB79CIFDYO9LJI6DKMI09L/msg_store_transient": using rabbit_msg_store_ets_index to provide index
2025-07-09 21:45:42.898984+00:00 [info] <0.614.0> Started message store of type transient for vhost '/'
2025-07-09 21:45:42.899206+00:00 [info] <0.628.0> Message store "628WB79CIFDYO9LJI6DKMI09L/msg_store_persistent": using rabbit_msg_store_ets_index to provide index
2025-07-09 21:45:42.901321+00:00 [warning] <0.628.0> Message store "628WB79CIFDYO9LJI6DKMI09L/msg_store_persistent": rebuilding indices from scratch
2025-07-09 21:45:42.907745+00:00 [info] <0.614.0> Started message store of type persistent for vhost '/'
2025-07-09 21:45:42.907902+00:00 [info] <0.614.0> Recovering 0 queues of type rabbit_classic_queue took 59ms
2025-07-09 21:45:42.907951+00:00 [info] <0.614.0> Recovering 0 queues of type rabbit_quorum_queue took 0ms
2025-07-09 21:45:42.907994+00:00 [info] <0.614.0> Recovering 0 queues of type rabbit_stream_queue took 0ms
2025-07-09 21:45:42.913415+00:00 [info] <0.254.0> Created user 'admin'
2025-07-09 21:45:42.919013+00:00 [info] <0.254.0> Successfully set user tags for user 'admin' to [administrator]
2025-07-09 21:45:42.924666+00:00 [info] <0.254.0> Successfully set permissions for user 'admin' in virtual host '/' to '.*', '.*', '.*'
2025-07-09 21:45:42.924715+00:00 [info] <0.254.0> Running boot step rabbit_observer_cli defined by app rabbit
2025-07-09 21:45:42.924820+00:00 [info] <0.254.0> Running boot step rabbit_looking_glass defined by app rabbit
2025-07-09 21:45:42.924842+00:00 [info] <0.254.0> Running boot step rabbit_core_metrics_gc defined by app rabbit
2025-07-09 21:45:42.925011+00:00 [info] <0.254.0> Running boot step background_gc defined by app rabbit
2025-07-09 21:45:42.925166+00:00 [info] <0.254.0> Running boot step routing_ready defined by app rabbit
2025-07-09 21:45:42.925186+00:00 [info] <0.254.0> Running boot step pre_flight defined by app rabbit
2025-07-09 21:45:42.925209+00:00 [info] <0.254.0> Running boot step notify_cluster defined by app rabbit
2025-07-09 21:45:42.925232+00:00 [info] <0.254.0> Running boot step networking defined by app rabbit
2025-07-09 21:45:42.925340+00:00 [info] <0.254.0> Running boot step rabbit_quorum_queue_periodic_membership_reconciliation defined by app rabbit
2025-07-09 21:45:42.925481+00:00 [info] <0.254.0> Running boot step definition_import_worker_pool defined by app rabbit
2025-07-09 21:45:42.925535+00:00 [info] <0.316.0> Starting worker pool 'definition_import_pool' with 12 processes in it
2025-07-09 21:45:42.926040+00:00 [info] <0.254.0> Running boot step cluster_name defined by app rabbit
2025-07-09 21:45:42.926091+00:00 [info] <0.254.0> Initialising internal cluster ID to 'rabbitmq-cluster-id-yq5B75Jz9wU3IkgS9IKM5g'
2025-07-09 21:45:42.929815+00:00 [info] <0.254.0> Running boot step virtual_host_reconciliation defined by app rabbit
2025-07-09 21:45:42.930016+00:00 [info] <0.254.0> Running boot step direct_client defined by app rabbit
2025-07-09 21:45:42.930264+00:00 [info] <0.673.0> Resetting node maintenance status
2025-07-09 21:45:42.930416+00:00 [info] <0.673.0> Ready to start client connection listeners
2025-07-09 21:45:42.959936+00:00 [info] <0.691.0> started TCP listener on [::]:5672
2025-07-09 21:45:43.060706+00:00 [info] <0.673.0> Server startup complete; 0 plugins started.
2025-07-09 21:45:43.130731+00:00 [info] <0.9.0> Time to start RabbitMQ: 6410 ms
2025-07-09 21:47:31.573800+00:00 [notice] <0.64.0> SIGTERM received - shutting down
2025-07-09 21:47:31.573800+00:00 [notice] <0.64.0> 
2025-07-09 21:47:31.576875+00:00 [info] <0.691.0> stopped TCP listener on [::]:5672
2025-07-09 21:47:31.578380+00:00 [info] <0.614.0> Virtual host '/' is stopping
2025-07-09 21:47:31.578535+00:00 [info] <0.716.0> Closing all connections in vhost '/' on node 'rabbit@0ecbaec9a95a' because the vhost is stopping
2025-07-09 21:47:31.578579+00:00 [info] <0.628.0> Stopping message store for directory '/var/lib/rabbitmq/mnesia/rabbit@0ecbaec9a95a/msg_stores/vhosts/628WB79CIFDYO9LJI6DKMI09L/msg_store_persistent'
2025-07-09 21:47:31.606719+00:00 [info] <0.628.0> Message store for directory '/var/lib/rabbitmq/mnesia/rabbit@0ecbaec9a95a/msg_stores/vhosts/628WB79CIFDYO9LJI6DKMI09L/msg_store_persistent' is stopped
2025-07-09 21:47:31.606895+00:00 [info] <0.624.0> Stopping message store for directory '/var/lib/rabbitmq/mnesia/rabbit@0ecbaec9a95a/msg_stores/vhosts/628WB79CIFDYO9LJI6DKMI09L/msg_store_transient'
2025-07-09 21:47:31.631543+00:00 [info] <0.624.0> Message store for directory '/var/lib/rabbitmq/mnesia/rabbit@0ecbaec9a95a/msg_stores/vhosts/628WB79CIFDYO9LJI6DKMI09L/msg_store_transient' is stopped
2025-07-09 21:47:41.985716+00:00 [notice] <0.254.0> Logging: configured log handlers are now ACTIVE
2025-07-09 21:47:41.995727+00:00 [info] <0.254.0> ra: starting system quorum_queues
2025-07-09 21:47:41.995808+00:00 [info] <0.254.0> starting Ra system: quorum_queues in directory: /var/lib/rabbitmq/mnesia/rabbit@0ecbaec9a95a/quorum/rabbit@0ecbaec9a95a
2025-07-09 21:47:42.097526+00:00 [info] <0.269.0> ra system 'quorum_queues' running pre init for 0 registered servers
2025-07-09 21:47:42.115210+00:00 [info] <0.270.0> ra: meta data store initialised for system quorum_queues. 0 record(s) recovered
2025-07-09 21:47:42.133414+00:00 [notice] <0.275.0> WAL: ra_log_wal init, open tbls: ra_log_open_mem_tables, closed tbls: ra_log_closed_mem_tables
2025-07-09 21:47:42.168174+00:00 [info] <0.254.0> ra: starting system coordination
2025-07-09 21:47:42.168221+00:00 [info] <0.254.0> starting Ra system: coordination in directory: /var/lib/rabbitmq/mnesia/rabbit@0ecbaec9a95a/coordination/rabbit@0ecbaec9a95a
2025-07-09 21:47:42.190277+00:00 [info] <0.283.0> ra system 'coordination' running pre init for 1 registered servers
2025-07-09 21:47:42.229677+00:00 [info] <0.284.0> ra: meta data store initialised for system coordination. 1 record(s) recovered
2025-07-09 21:47:42.229841+00:00 [notice] <0.289.0> WAL: ra_coordination_log_wal init, open tbls: ra_coordination_log_open_mem_tables, closed tbls: ra_coordination_log_closed_mem_tables
2025-07-09 21:47:42.255410+00:00 [info] <0.254.0> ra: starting system coordination
2025-07-09 21:47:42.255473+00:00 [info] <0.254.0> starting Ra system: coordination in directory: /var/lib/rabbitmq/mnesia/rabbit@0ecbaec9a95a/coordination/rabbit@0ecbaec9a95a
2025-07-09 21:47:42.375693+00:00 [info] <0.254.0> Waiting for Khepri leader for 30000 ms, 9 retries left
2025-07-09 21:47:42.403899+00:00 [info] <0.254.0> Khepri leader elected
2025-07-09 21:47:42.403946+00:00 [info] <0.254.0> Waiting for Khepri projections for 30000 ms, 9 retries left
2025-07-09 21:47:42.565819+00:00 [notice] <0.294.0> RabbitMQ metadata store: candidate -> leader in term: 2 machine version: 1
2025-07-09 21:47:43.075729+00:00 [info] <0.254.0> 
2025-07-09 21:47:43.075729+00:00 [info] <0.254.0>  Starting RabbitMQ 3.13.7 on Erlang 26.2.5.13 [jit]
2025-07-09 21:47:43.075729+00:00 [info] <0.254.0>  Copyright (c) 2007-2024 Broadcom Inc and/or its subsidiaries
2025-07-09 21:47:43.075729+00:00 [info] <0.254.0>  Licensed under the MPL 2.0. Website: https://rabbitmq.com
2025-07-09 21:47:43.077694+00:00 [info] <0.254.0> 
2025-07-09 21:47:43.077694+00:00 [info] <0.254.0>  node           : rabbit@0ecbaec9a95a
2025-07-09 21:47:43.077694+00:00 [info] <0.254.0>  home dir       : /var/lib/rabbitmq
2025-07-09 21:47:43.077694+00:00 [info] <0.254.0>  config file(s) : (none)
2025-07-09 21:47:43.077694+00:00 [info] <0.254.0>  cookie hash    : I632BxIeVcljukT8rLir8Q==
2025-07-09 21:47:43.077694+00:00 [info] <0.254.0>  log(s)         : /var/log/rabbitmq/rabbit@0ecbaec9a95a.log
2025-07-09 21:47:43.077694+00:00 [info] <0.254.0>                 : <stdout>
2025-07-09 21:47:43.077694+00:00 [info] <0.254.0>  data dir       : /var/lib/rabbitmq/mnesia/rabbit@0ecbaec9a95a
2025-07-09 21:47:43.202157+00:00 [info] <0.254.0> Running boot step pre_boot defined by app rabbit
2025-07-09 21:47:43.202202+00:00 [info] <0.254.0> Running boot step rabbit_global_counters defined by app rabbit
2025-07-09 21:47:43.202413+00:00 [info] <0.254.0> Running boot step rabbit_osiris_metrics defined by app rabbit
2025-07-09 21:47:43.202469+00:00 [info] <0.254.0> Running boot step rabbit_core_metrics defined by app rabbit
2025-07-09 21:47:43.203410+00:00 [info] <0.254.0> Running boot step rabbit_alarm defined by app rabbit
2025-07-09 21:47:43.215123+00:00 [info] <0.405.0> Memory high watermark set to 3165 MiB (3319024844 bytes) of 7913 MiB (8297562112 bytes) total
2025-07-09 21:47:43.218232+00:00 [info] <0.407.0> Enabling free disk space monitoring (disk free space: 72057315328, total memory: 8297562112)
2025-07-09 21:47:43.218284+00:00 [info] <0.407.0> Disk free limit set to 50MB
2025-07-09 21:47:43.220310+00:00 [info] <0.254.0> Running boot step code_server_cache defined by app rabbit
2025-07-09 21:47:43.220406+00:00 [info] <0.254.0> Running boot step file_handle_cache defined by app rabbit
2025-07-09 21:47:43.228093+00:00 [info] <0.410.0> Limiting to approx 1048479 file handles (943629 sockets)
2025-07-09 21:47:43.228305+00:00 [info] <0.411.0> FHC read buffering: OFF
2025-07-09 21:47:43.228335+00:00 [info] <0.411.0> FHC write buffering: ON
2025-07-09 21:47:43.228840+00:00 [info] <0.254.0> Running boot step worker_pool defined by app rabbit
2025-07-09 21:47:43.228922+00:00 [info] <0.337.0> Will use 12 processes for default worker pool
2025-07-09 21:47:43.228947+00:00 [info] <0.337.0> Starting worker pool 'worker_pool' with 12 processes in it
2025-07-09 21:47:43.229588+00:00 [info] <0.254.0> Running boot step database defined by app rabbit
2025-07-09 21:47:43.230803+00:00 [info] <0.254.0> Peer discovery: configured backend: rabbit_peer_discovery_classic_config
2025-07-09 21:47:43.238439+00:00 [info] <0.254.0> Waiting for Mnesia tables for 30000 ms, 9 retries left
2025-07-09 21:47:43.243787+00:00 [info] <0.254.0> Successfully synced tables from a peer
2025-07-09 21:47:43.276856+00:00 [info] <0.254.0> Waiting for Mnesia tables for 30000 ms, 9 retries left
2025-07-09 21:47:43.277000+00:00 [info] <0.254.0> Successfully synced tables from a peer
2025-07-09 21:47:43.277123+00:00 [info] <0.254.0> Running boot step tracking_metadata_store defined by app rabbit
2025-07-09 21:47:43.277270+00:00 [info] <0.433.0> Setting up a table for connection tracking on this node: tracked_connection
2025-07-09 21:47:43.277313+00:00 [info] <0.433.0> Setting up a table for per-vhost connection counting on this node: tracked_connection_per_vhost
2025-07-09 21:47:43.277356+00:00 [info] <0.433.0> Setting up a table for per-user connection counting on this node: tracked_connection_per_user
2025-07-09 21:47:43.277409+00:00 [info] <0.433.0> Setting up a table for channel tracking on this node: tracked_channel
2025-07-09 21:47:43.277445+00:00 [info] <0.433.0> Setting up a table for channel tracking on this node: tracked_channel_per_user
2025-07-09 21:47:43.277504+00:00 [info] <0.254.0> Running boot step networking_metadata_store defined by app rabbit
2025-07-09 21:47:43.277551+00:00 [info] <0.254.0> Running boot step feature_flags defined by app rabbit
2025-07-09 21:47:43.279542+00:00 [info] <0.254.0> Running boot step codec_correctness_check defined by app rabbit
2025-07-09 21:47:43.279583+00:00 [info] <0.254.0> Running boot step external_infrastructure defined by app rabbit
2025-07-09 21:47:43.279613+00:00 [info] <0.254.0> Running boot step rabbit_event defined by app rabbit
2025-07-09 21:47:43.279747+00:00 [info] <0.254.0> Running boot step rabbit_registry defined by app rabbit
2025-07-09 21:47:43.279802+00:00 [info] <0.254.0> Running boot step rabbit_auth_mechanism_amqplain defined by app rabbit
2025-07-09 21:47:43.279851+00:00 [info] <0.254.0> Running boot step rabbit_auth_mechanism_cr_demo defined by app rabbit
2025-07-09 21:47:43.279883+00:00 [info] <0.254.0> Running boot step rabbit_auth_mechanism_plain defined by app rabbit
2025-07-09 21:47:43.279963+00:00 [info] <0.254.0> Running boot step rabbit_exchange_type_direct defined by app rabbit
2025-07-09 21:47:43.280003+00:00 [info] <0.254.0> Running boot step rabbit_exchange_type_fanout defined by app rabbit
2025-07-09 21:47:43.280124+00:00 [info] <0.254.0> Running boot step rabbit_exchange_type_headers defined by app rabbit
2025-07-09 21:47:43.280220+00:00 [info] <0.254.0> Running boot step rabbit_exchange_type_topic defined by app rabbit
2025-07-09 21:47:43.280283+00:00 [info] <0.254.0> Running boot step rabbit_mirror_queue_mode_all defined by app rabbit
2025-07-09 21:47:43.280371+00:00 [info] <0.254.0> Running boot step rabbit_mirror_queue_mode_exactly defined by app rabbit
2025-07-09 21:47:43.280473+00:00 [info] <0.254.0> Running boot step rabbit_mirror_queue_mode_nodes defined by app rabbit
2025-07-09 21:47:43.280514+00:00 [info] <0.254.0> Running boot step rabbit_priority_queue defined by app rabbit
2025-07-09 21:47:43.280533+00:00 [info] <0.254.0> Priority queues enabled, real BQ is rabbit_variable_queue
2025-07-09 21:47:43.280566+00:00 [info] <0.254.0> Running boot step rabbit_queue_location_client_local defined by app rabbit
2025-07-09 21:47:43.280593+00:00 [info] <0.254.0> Running boot step rabbit_queue_location_min_masters defined by app rabbit
2025-07-09 21:47:43.280620+00:00 [info] <0.254.0> Running boot step rabbit_queue_location_random defined by app rabbit
2025-07-09 21:47:43.280644+00:00 [info] <0.254.0> Running boot step kernel_ready defined by app rabbit
2025-07-09 21:47:43.280657+00:00 [info] <0.254.0> Running boot step rabbit_sysmon_minder defined by app rabbit
2025-07-09 21:47:43.280784+00:00 [info] <0.254.0> Running boot step rabbit_epmd_monitor defined by app rabbit
2025-07-09 21:47:43.281548+00:00 [info] <0.441.0> epmd monitor knows us, inter-node communication (distribution) port: 25672
2025-07-09 21:47:43.281604+00:00 [info] <0.254.0> Running boot step guid_generator defined by app rabbit
2025-07-09 21:47:43.295811+00:00 [info] <0.254.0> Running boot step rabbit_node_monitor defined by app rabbit
2025-07-09 21:47:43.296114+00:00 [info] <0.445.0> Starting rabbit_node_monitor (in ignore mode)
2025-07-09 21:47:43.296221+00:00 [info] <0.254.0> Running boot step delegate_sup defined by app rabbit
2025-07-09 21:47:43.296576+00:00 [info] <0.254.0> Running boot step rabbit_memory_monitor defined by app rabbit
2025-07-09 21:47:43.296792+00:00 [info] <0.254.0> Running boot step rabbit_fifo_dlx_sup defined by app rabbit
2025-07-09 21:47:43.296921+00:00 [info] <0.254.0> Running boot step core_initialized defined by app rabbit
2025-07-09 21:47:43.296941+00:00 [info] <0.254.0> Running boot step rabbit_channel_tracking_handler defined by app rabbit
2025-07-09 21:47:43.297017+00:00 [info] <0.254.0> Running boot step rabbit_connection_tracking_handler defined by app rabbit
2025-07-09 21:47:43.297068+00:00 [info] <0.254.0> Running boot step rabbit_definitions_hashing defined by app rabbit
2025-07-09 21:47:43.297187+00:00 [info] <0.254.0> Running boot step rabbit_exchange_parameters defined by app rabbit
2025-07-09 21:47:43.309779+00:00 [info] <0.254.0> Running boot step rabbit_mirror_queue_misc defined by app rabbit
2025-07-09 21:47:43.310216+00:00 [info] <0.254.0> Running boot step rabbit_policies defined by app rabbit
2025-07-09 21:47:43.310629+00:00 [info] <0.254.0> Running boot step rabbit_policy defined by app rabbit
2025-07-09 21:47:43.310680+00:00 [info] <0.254.0> Running boot step rabbit_queue_location_validator defined by app rabbit
2025-07-09 21:47:43.310713+00:00 [info] <0.254.0> Running boot step rabbit_quorum_memory_manager defined by app rabbit
2025-07-09 21:47:43.310775+00:00 [info] <0.254.0> Running boot step rabbit_quorum_queue defined by app rabbit
2025-07-09 21:47:43.310882+00:00 [info] <0.254.0> Running boot step rabbit_stream_coordinator defined by app rabbit
2025-07-09 21:47:43.311206+00:00 [info] <0.254.0> Running boot step rabbit_vhost_limit defined by app rabbit
2025-07-09 21:47:43.311295+00:00 [info] <0.254.0> Running boot step recovery defined by app rabbit
2025-07-09 21:47:43.327725+00:00 [info] <0.478.0> Making sure data directory '/var/lib/rabbitmq/mnesia/rabbit@0ecbaec9a95a/msg_stores/vhosts/628WB79CIFDYO9LJI6DKMI09L' for vhost '/' exists
2025-07-09 21:47:43.374852+00:00 [info] <0.478.0> Starting message stores for vhost '/'
2025-07-09 21:47:43.382252+00:00 [info] <0.488.0> Message store "628WB79CIFDYO9LJI6DKMI09L/msg_store_transient": using rabbit_msg_store_ets_index to provide index
2025-07-09 21:47:43.412390+00:00 [info] <0.478.0> Started message store of type transient for vhost '/'
2025-07-09 21:47:43.412598+00:00 [info] <0.492.0> Message store "628WB79CIFDYO9LJI6DKMI09L/msg_store_persistent": using rabbit_msg_store_ets_index to provide index
2025-07-09 21:47:43.428651+00:00 [info] <0.478.0> Started message store of type persistent for vhost '/'
2025-07-09 21:47:43.428792+00:00 [info] <0.478.0> Recovering 0 queues of type rabbit_classic_queue took 87ms
2025-07-09 21:47:43.428835+00:00 [info] <0.478.0> Recovering 0 queues of type rabbit_quorum_queue took 0ms
2025-07-09 21:47:43.428926+00:00 [info] <0.478.0> Recovering 0 queues of type rabbit_stream_queue took 0ms
2025-07-09 21:47:43.430961+00:00 [info] <0.254.0> Running boot step empty_db_check defined by app rabbit
2025-07-09 21:47:43.431023+00:00 [info] <0.254.0> Will not seed default virtual host and user: have definitions to load...
2025-07-09 21:47:43.431047+00:00 [info] <0.254.0> Running boot step rabbit_observer_cli defined by app rabbit
2025-07-09 21:47:43.431098+00:00 [info] <0.254.0> Running boot step rabbit_looking_glass defined by app rabbit
2025-07-09 21:47:43.431150+00:00 [info] <0.254.0> Running boot step rabbit_core_metrics_gc defined by app rabbit
2025-07-09 21:47:43.431305+00:00 [info] <0.254.0> Running boot step background_gc defined by app rabbit
2025-07-09 21:47:43.431511+00:00 [info] <0.254.0> Running boot step routing_ready defined by app rabbit
2025-07-09 21:47:43.431541+00:00 [info] <0.254.0> Running boot step pre_flight defined by app rabbit
2025-07-09 21:47:43.431566+00:00 [info] <0.254.0> Running boot step notify_cluster defined by app rabbit
2025-07-09 21:47:43.431593+00:00 [info] <0.254.0> Running boot step networking defined by app rabbit
2025-07-09 21:47:43.431620+00:00 [info] <0.254.0> Running boot step rabbit_quorum_queue_periodic_membership_reconciliation defined by app rabbit
2025-07-09 21:47:43.431734+00:00 [info] <0.254.0> Running boot step definition_import_worker_pool defined by app rabbit
2025-07-09 21:47:43.431768+00:00 [info] <0.337.0> Starting worker pool 'definition_import_pool' with 12 processes in it
2025-07-09 21:47:43.432616+00:00 [info] <0.254.0> Running boot step cluster_name defined by app rabbit
2025-07-09 21:47:43.432654+00:00 [info] <0.254.0> Running boot step virtual_host_reconciliation defined by app rabbit
2025-07-09 21:47:43.432816+00:00 [info] <0.254.0> Running boot step direct_client defined by app rabbit
2025-07-09 21:47:43.432944+00:00 [info] <0.538.0> Resetting node maintenance status
2025-07-09 21:47:43.433058+00:00 [info] <0.538.0> Ready to start client connection listeners
2025-07-09 21:47:43.461142+00:00 [info] <0.556.0> started TCP listener on [::]:5672
2025-07-09 21:47:43.556229+00:00 [info] <0.538.0> Server startup complete; 0 plugins started.
2025-07-09 21:47:43.633283+00:00 [info] <0.9.0> Time to start RabbitMQ: 4607 ms
2025-07-09 21:48:29.324959+00:00 [info] <0.561.0> accepting AMQP connection <0.561.0> (172.19.0.1:59726 -> 172.19.0.2:5672)
2025-07-09 21:48:29.325164+00:00 [error] <0.561.0> closing AMQP connection <0.561.0> (172.19.0.1:59726 -> 172.19.0.2:5672):
2025-07-09 21:48:29.325164+00:00 [error] <0.561.0> {bad_header,<<"GET / HT">>}
2025-07-09 21:48:30.358727+00:00 [info] <0.567.0> accepting AMQP connection <0.567.0> (172.19.0.1:59738 -> 172.19.0.2:5672)
2025-07-09 21:48:30.358891+00:00 [error] <0.567.0> closing AMQP connection <0.567.0> (172.19.0.1:59738 -> 172.19.0.2:5672):
2025-07-09 21:48:30.358891+00:00 [error] <0.567.0> {bad_header,<<"GET / HT">>}
2025-07-09 21:48:40.361479+00:00 [info] <0.572.0> accepting AMQP connection <0.572.0> (172.19.0.1:59752 -> 172.19.0.2:5672)
2025-07-09 21:48:40.361615+00:00 [error] <0.572.0> closing AMQP connection <0.572.0> (172.19.0.1:59752 -> 172.19.0.2:5672):
2025-07-09 21:48:40.361615+00:00 [error] <0.572.0> {handshake_timeout,handshake}
2025-07-09 21:49:40.739269+00:00 [notice] <0.64.0> SIGTERM received - shutting down
2025-07-09 21:49:40.739269+00:00 [notice] <0.64.0> 
2025-07-09 21:49:40.740990+00:00 [info] <0.556.0> stopped TCP listener on [::]:5672
2025-07-09 21:49:40.742418+00:00 [info] <0.478.0> Virtual host '/' is stopping
2025-07-09 21:49:40.742607+00:00 [info] <0.581.0> Closing all connections in vhost '/' on node 'rabbit@0ecbaec9a95a' because the vhost is stopping
2025-07-09 21:49:40.742768+00:00 [info] <0.492.0> Stopping message store for directory '/var/lib/rabbitmq/mnesia/rabbit@0ecbaec9a95a/msg_stores/vhosts/628WB79CIFDYO9LJI6DKMI09L/msg_store_persistent'
2025-07-09 21:49:40.791463+00:00 [info] <0.492.0> Message store for directory '/var/lib/rabbitmq/mnesia/rabbit@0ecbaec9a95a/msg_stores/vhosts/628WB79CIFDYO9LJI6DKMI09L/msg_store_persistent' is stopped
2025-07-09 21:49:40.791609+00:00 [info] <0.488.0> Stopping message store for directory '/var/lib/rabbitmq/mnesia/rabbit@0ecbaec9a95a/msg_stores/vhosts/628WB79CIFDYO9LJI6DKMI09L/msg_store_transient'
2025-07-09 21:49:40.819566+00:00 [info] <0.488.0> Message store for directory '/var/lib/rabbitmq/mnesia/rabbit@0ecbaec9a95a/msg_stores/vhosts/628WB79CIFDYO9LJI6DKMI09L/msg_store_transient' is stopped
2025-07-09 21:51:58.485277+00:00 [notice] <0.254.0> Logging: configured log handlers are now ACTIVE
2025-07-09 21:51:58.495343+00:00 [info] <0.254.0> ra: starting system quorum_queues
2025-07-09 21:51:58.495417+00:00 [info] <0.254.0> starting Ra system: quorum_queues in directory: /var/lib/rabbitmq/mnesia/rabbit@0ecbaec9a95a/quorum/rabbit@0ecbaec9a95a
2025-07-09 21:51:58.590150+00:00 [info] <0.269.0> ra system 'quorum_queues' running pre init for 0 registered servers
2025-07-09 21:51:58.606127+00:00 [info] <0.270.0> ra: meta data store initialised for system quorum_queues. 0 record(s) recovered
2025-07-09 21:51:58.622301+00:00 [notice] <0.275.0> WAL: ra_log_wal init, open tbls: ra_log_open_mem_tables, closed tbls: ra_log_closed_mem_tables
2025-07-09 21:51:58.655027+00:00 [info] <0.254.0> ra: starting system coordination
2025-07-09 21:51:58.655069+00:00 [info] <0.254.0> starting Ra system: coordination in directory: /var/lib/rabbitmq/mnesia/rabbit@0ecbaec9a95a/coordination/rabbit@0ecbaec9a95a
2025-07-09 21:51:58.668448+00:00 [info] <0.283.0> ra system 'coordination' running pre init for 1 registered servers
2025-07-09 21:51:58.710464+00:00 [info] <0.284.0> ra: meta data store initialised for system coordination. 1 record(s) recovered
2025-07-09 21:51:58.710644+00:00 [notice] <0.289.0> WAL: ra_coordination_log_wal init, open tbls: ra_coordination_log_open_mem_tables, closed tbls: ra_coordination_log_closed_mem_tables
2025-07-09 21:51:58.735874+00:00 [info] <0.254.0> ra: starting system coordination
2025-07-09 21:51:58.735939+00:00 [info] <0.254.0> starting Ra system: coordination in directory: /var/lib/rabbitmq/mnesia/rabbit@0ecbaec9a95a/coordination/rabbit@0ecbaec9a95a
2025-07-09 21:51:58.854573+00:00 [info] <0.254.0> Waiting for Khepri leader for 30000 ms, 9 retries left
2025-07-09 21:51:58.883385+00:00 [info] <0.254.0> Khepri leader elected
2025-07-09 21:51:58.883430+00:00 [info] <0.254.0> Waiting for Khepri projections for 30000 ms, 9 retries left
2025-07-09 21:51:59.161580+00:00 [notice] <0.294.0> RabbitMQ metadata store: candidate -> leader in term: 3 machine version: 1
2025-07-09 21:51:59.702977+00:00 [info] <0.254.0> 
2025-07-09 21:51:59.702977+00:00 [info] <0.254.0>  Starting RabbitMQ 3.13.7 on Erlang 26.2.5.13 [jit]
2025-07-09 21:51:59.702977+00:00 [info] <0.254.0>  Copyright (c) 2007-2024 Broadcom Inc and/or its subsidiaries
2025-07-09 21:51:59.702977+00:00 [info] <0.254.0>  Licensed under the MPL 2.0. Website: https://rabbitmq.com
2025-07-09 21:51:59.704942+00:00 [info] <0.254.0> 
2025-07-09 21:51:59.704942+00:00 [info] <0.254.0>  node           : rabbit@0ecbaec9a95a
2025-07-09 21:51:59.704942+00:00 [info] <0.254.0>  home dir       : /var/lib/rabbitmq
2025-07-09 21:51:59.704942+00:00 [info] <0.254.0>  config file(s) : (none)
2025-07-09 21:51:59.704942+00:00 [info] <0.254.0>  cookie hash    : I632BxIeVcljukT8rLir8Q==
2025-07-09 21:51:59.704942+00:00 [info] <0.254.0>  log(s)         : /var/log/rabbitmq/rabbit@0ecbaec9a95a.log
2025-07-09 21:51:59.704942+00:00 [info] <0.254.0>                 : <stdout>
2025-07-09 21:51:59.704942+00:00 [info] <0.254.0>  data dir       : /var/lib/rabbitmq/mnesia/rabbit@0ecbaec9a95a
2025-07-09 21:51:59.801445+00:00 [info] <0.254.0> Running boot step pre_boot defined by app rabbit
2025-07-09 21:51:59.801499+00:00 [info] <0.254.0> Running boot step rabbit_global_counters defined by app rabbit
2025-07-09 21:51:59.802025+00:00 [info] <0.254.0> Running boot step rabbit_osiris_metrics defined by app rabbit
2025-07-09 21:51:59.802143+00:00 [info] <0.254.0> Running boot step rabbit_core_metrics defined by app rabbit
2025-07-09 21:51:59.802816+00:00 [info] <0.254.0> Running boot step rabbit_alarm defined by app rabbit
2025-07-09 21:51:59.814054+00:00 [info] <0.385.0> Memory high watermark set to 3165 MiB (3319024844 bytes) of 7913 MiB (8297562112 bytes) total
2025-07-09 21:51:59.817251+00:00 [info] <0.387.0> Enabling free disk space monitoring (disk free space: 71973670912, total memory: 8297562112)
2025-07-09 21:51:59.817305+00:00 [info] <0.387.0> Disk free limit set to 50MB
2025-07-09 21:51:59.820067+00:00 [info] <0.254.0> Running boot step code_server_cache defined by app rabbit
2025-07-09 21:51:59.820167+00:00 [info] <0.254.0> Running boot step file_handle_cache defined by app rabbit
2025-07-09 21:51:59.827884+00:00 [info] <0.390.0> Limiting to approx 1048479 file handles (943629 sockets)
2025-07-09 21:51:59.828126+00:00 [info] <0.391.0> FHC read buffering: OFF
2025-07-09 21:51:59.828157+00:00 [info] <0.391.0> FHC write buffering: ON
2025-07-09 21:51:59.828596+00:00 [info] <0.254.0> Running boot step worker_pool defined by app rabbit
2025-07-09 21:51:59.828655+00:00 [info] <0.337.0> Will use 12 processes for default worker pool
2025-07-09 21:51:59.828704+00:00 [info] <0.337.0> Starting worker pool 'worker_pool' with 12 processes in it
2025-07-09 21:51:59.829331+00:00 [info] <0.254.0> Running boot step database defined by app rabbit
2025-07-09 21:51:59.830520+00:00 [info] <0.254.0> Peer discovery: configured backend: rabbit_peer_discovery_classic_config
2025-07-09 21:51:59.838356+00:00 [info] <0.254.0> Waiting for Mnesia tables for 30000 ms, 9 retries left
2025-07-09 21:51:59.846317+00:00 [info] <0.254.0> Successfully synced tables from a peer
2025-07-09 21:51:59.875923+00:00 [info] <0.254.0> Waiting for Mnesia tables for 30000 ms, 9 retries left
2025-07-09 21:51:59.876080+00:00 [info] <0.254.0> Successfully synced tables from a peer
2025-07-09 21:51:59.876265+00:00 [info] <0.254.0> Running boot step tracking_metadata_store defined by app rabbit
2025-07-09 21:51:59.876350+00:00 [info] <0.413.0> Setting up a table for connection tracking on this node: tracked_connection
2025-07-09 21:51:59.876411+00:00 [info] <0.413.0> Setting up a table for per-vhost connection counting on this node: tracked_connection_per_vhost
2025-07-09 21:51:59.876469+00:00 [info] <0.413.0> Setting up a table for per-user connection counting on this node: tracked_connection_per_user
2025-07-09 21:51:59.876545+00:00 [info] <0.413.0> Setting up a table for channel tracking on this node: tracked_channel
2025-07-09 21:51:59.876599+00:00 [info] <0.413.0> Setting up a table for channel tracking on this node: tracked_channel_per_user
2025-07-09 21:51:59.876643+00:00 [info] <0.254.0> Running boot step networking_metadata_store defined by app rabbit
2025-07-09 21:51:59.876693+00:00 [info] <0.254.0> Running boot step feature_flags defined by app rabbit
2025-07-09 21:51:59.879044+00:00 [info] <0.254.0> Running boot step codec_correctness_check defined by app rabbit
2025-07-09 21:51:59.879088+00:00 [info] <0.254.0> Running boot step external_infrastructure defined by app rabbit
2025-07-09 21:51:59.879119+00:00 [info] <0.254.0> Running boot step rabbit_event defined by app rabbit
2025-07-09 21:51:59.879354+00:00 [info] <0.254.0> Running boot step rabbit_registry defined by app rabbit
2025-07-09 21:51:59.879417+00:00 [info] <0.254.0> Running boot step rabbit_auth_mechanism_amqplain defined by app rabbit
2025-07-09 21:51:59.879465+00:00 [info] <0.254.0> Running boot step rabbit_auth_mechanism_cr_demo defined by app rabbit
2025-07-09 21:51:59.879540+00:00 [info] <0.254.0> Running boot step rabbit_auth_mechanism_plain defined by app rabbit
2025-07-09 21:51:59.879614+00:00 [info] <0.254.0> Running boot step rabbit_exchange_type_direct defined by app rabbit
2025-07-09 21:51:59.879670+00:00 [info] <0.254.0> Running boot step rabbit_exchange_type_fanout defined by app rabbit
2025-07-09 21:51:59.879848+00:00 [info] <0.254.0> Running boot step rabbit_exchange_type_headers defined by app rabbit
2025-07-09 21:51:59.879952+00:00 [info] <0.254.0> Running boot step rabbit_exchange_type_topic defined by app rabbit
2025-07-09 21:51:59.880009+00:00 [info] <0.254.0> Running boot step rabbit_mirror_queue_mode_all defined by app rabbit
2025-07-09 21:51:59.880123+00:00 [info] <0.254.0> Running boot step rabbit_mirror_queue_mode_exactly defined by app rabbit
2025-07-09 21:51:59.880158+00:00 [info] <0.254.0> Running boot step rabbit_mirror_queue_mode_nodes defined by app rabbit
2025-07-09 21:51:59.880203+00:00 [info] <0.254.0> Running boot step rabbit_priority_queue defined by app rabbit
2025-07-09 21:51:59.880221+00:00 [info] <0.254.0> Priority queues enabled, real BQ is rabbit_variable_queue
2025-07-09 21:51:59.880249+00:00 [info] <0.254.0> Running boot step rabbit_queue_location_client_local defined by app rabbit
2025-07-09 21:51:59.880295+00:00 [info] <0.254.0> Running boot step rabbit_queue_location_min_masters defined by app rabbit
2025-07-09 21:51:59.880325+00:00 [info] <0.254.0> Running boot step rabbit_queue_location_random defined by app rabbit
2025-07-09 21:51:59.880348+00:00 [info] <0.254.0> Running boot step kernel_ready defined by app rabbit
2025-07-09 21:51:59.880361+00:00 [info] <0.254.0> Running boot step rabbit_sysmon_minder defined by app rabbit
2025-07-09 21:51:59.880503+00:00 [info] <0.254.0> Running boot step rabbit_epmd_monitor defined by app rabbit
2025-07-09 21:51:59.881382+00:00 [info] <0.421.0> epmd monitor knows us, inter-node communication (distribution) port: 25672
2025-07-09 21:51:59.881462+00:00 [info] <0.254.0> Running boot step guid_generator defined by app rabbit
2025-07-09 21:51:59.894253+00:00 [info] <0.254.0> Running boot step rabbit_node_monitor defined by app rabbit
2025-07-09 21:51:59.894553+00:00 [info] <0.425.0> Starting rabbit_node_monitor (in ignore mode)
2025-07-09 21:51:59.894736+00:00 [info] <0.254.0> Running boot step delegate_sup defined by app rabbit
2025-07-09 21:51:59.895300+00:00 [info] <0.254.0> Running boot step rabbit_memory_monitor defined by app rabbit
2025-07-09 21:51:59.895456+00:00 [info] <0.254.0> Running boot step rabbit_fifo_dlx_sup defined by app rabbit
2025-07-09 21:51:59.895540+00:00 [info] <0.254.0> Running boot step core_initialized defined by app rabbit
2025-07-09 21:51:59.895560+00:00 [info] <0.254.0> Running boot step rabbit_channel_tracking_handler defined by app rabbit
2025-07-09 21:51:59.895652+00:00 [info] <0.254.0> Running boot step rabbit_connection_tracking_handler defined by app rabbit
2025-07-09 21:51:59.895753+00:00 [info] <0.254.0> Running boot step rabbit_definitions_hashing defined by app rabbit
2025-07-09 21:51:59.895803+00:00 [info] <0.254.0> Running boot step rabbit_exchange_parameters defined by app rabbit
2025-07-09 21:51:59.908116+00:00 [info] <0.254.0> Running boot step rabbit_mirror_queue_misc defined by app rabbit
2025-07-09 21:51:59.908536+00:00 [info] <0.254.0> Running boot step rabbit_policies defined by app rabbit
2025-07-09 21:51:59.908755+00:00 [info] <0.254.0> Running boot step rabbit_policy defined by app rabbit
2025-07-09 21:51:59.908806+00:00 [info] <0.254.0> Running boot step rabbit_queue_location_validator defined by app rabbit
2025-07-09 21:51:59.908839+00:00 [info] <0.254.0> Running boot step rabbit_quorum_memory_manager defined by app rabbit
2025-07-09 21:51:59.908887+00:00 [info] <0.254.0> Running boot step rabbit_quorum_queue defined by app rabbit
2025-07-09 21:51:59.909045+00:00 [info] <0.254.0> Running boot step rabbit_stream_coordinator defined by app rabbit
2025-07-09 21:51:59.909455+00:00 [info] <0.254.0> Running boot step rabbit_vhost_limit defined by app rabbit
2025-07-09 21:51:59.909515+00:00 [info] <0.254.0> Running boot step recovery defined by app rabbit
2025-07-09 21:51:59.924854+00:00 [info] <0.458.0> Making sure data directory '/var/lib/rabbitmq/mnesia/rabbit@0ecbaec9a95a/msg_stores/vhosts/628WB79CIFDYO9LJI6DKMI09L' for vhost '/' exists
2025-07-09 21:51:59.972942+00:00 [info] <0.458.0> Starting message stores for vhost '/'
2025-07-09 21:51:59.981055+00:00 [info] <0.468.0> Message store "628WB79CIFDYO9LJI6DKMI09L/msg_store_transient": using rabbit_msg_store_ets_index to provide index
2025-07-09 21:52:00.011123+00:00 [info] <0.458.0> Started message store of type transient for vhost '/'
2025-07-09 21:52:00.011383+00:00 [info] <0.472.0> Message store "628WB79CIFDYO9LJI6DKMI09L/msg_store_persistent": using rabbit_msg_store_ets_index to provide index
2025-07-09 21:52:00.030818+00:00 [info] <0.458.0> Started message store of type persistent for vhost '/'
2025-07-09 21:52:00.030991+00:00 [info] <0.458.0> Recovering 0 queues of type rabbit_classic_queue took 92ms
2025-07-09 21:52:00.031020+00:00 [info] <0.458.0> Recovering 0 queues of type rabbit_quorum_queue took 0ms
2025-07-09 21:52:00.031067+00:00 [info] <0.458.0> Recovering 0 queues of type rabbit_stream_queue took 0ms
2025-07-09 21:52:00.033821+00:00 [info] <0.254.0> Running boot step empty_db_check defined by app rabbit
2025-07-09 21:52:00.033904+00:00 [info] <0.254.0> Will not seed default virtual host and user: have definitions to load...
2025-07-09 21:52:00.034031+00:00 [info] <0.254.0> Running boot step rabbit_observer_cli defined by app rabbit
2025-07-09 21:52:00.034126+00:00 [info] <0.254.0> Running boot step rabbit_looking_glass defined by app rabbit
2025-07-09 21:52:00.034162+00:00 [info] <0.254.0> Running boot step rabbit_core_metrics_gc defined by app rabbit
2025-07-09 21:52:00.034326+00:00 [info] <0.254.0> Running boot step background_gc defined by app rabbit
2025-07-09 21:52:00.034450+00:00 [info] <0.254.0> Running boot step routing_ready defined by app rabbit
2025-07-09 21:52:00.034562+00:00 [info] <0.254.0> Running boot step pre_flight defined by app rabbit
2025-07-09 21:52:00.034612+00:00 [info] <0.254.0> Running boot step notify_cluster defined by app rabbit
2025-07-09 21:52:00.034638+00:00 [info] <0.254.0> Running boot step networking defined by app rabbit
2025-07-09 21:52:00.034803+00:00 [info] <0.254.0> Running boot step rabbit_quorum_queue_periodic_membership_reconciliation defined by app rabbit
2025-07-09 21:52:00.034918+00:00 [info] <0.254.0> Running boot step definition_import_worker_pool defined by app rabbit
2025-07-09 21:52:00.034982+00:00 [info] <0.337.0> Starting worker pool 'definition_import_pool' with 12 processes in it
2025-07-09 21:52:00.036007+00:00 [info] <0.254.0> Running boot step cluster_name defined by app rabbit
2025-07-09 21:52:00.036079+00:00 [info] <0.254.0> Running boot step virtual_host_reconciliation defined by app rabbit
2025-07-09 21:52:00.036266+00:00 [info] <0.254.0> Running boot step direct_client defined by app rabbit
2025-07-09 21:52:00.036377+00:00 [info] <0.518.0> Resetting node maintenance status
2025-07-09 21:52:00.036559+00:00 [info] <0.518.0> Ready to start client connection listeners
2025-07-09 21:52:00.075264+00:00 [info] <0.536.0> started TCP listener on [::]:5672
2025-07-09 21:52:00.175473+00:00 [info] <0.518.0> Server startup complete; 0 plugins started.
2025-07-09 21:52:00.237387+00:00 [info] <0.9.0> Time to start RabbitMQ: 4729 ms
2025-07-09 21:55:40.711349+00:00 [notice] <0.64.0> SIGTERM received - shutting down
2025-07-09 21:55:40.711349+00:00 [notice] <0.64.0> 
2025-07-09 21:55:40.713891+00:00 [info] <0.536.0> stopped TCP listener on [::]:5672
2025-07-09 21:55:40.715102+00:00 [info] <0.458.0> Virtual host '/' is stopping
2025-07-09 21:55:40.715238+00:00 [info] <0.553.0> Closing all connections in vhost '/' on node 'rabbit@0ecbaec9a95a' because the vhost is stopping
2025-07-09 21:55:40.715352+00:00 [info] <0.472.0> Stopping message store for directory '/var/lib/rabbitmq/mnesia/rabbit@0ecbaec9a95a/msg_stores/vhosts/628WB79CIFDYO9LJI6DKMI09L/msg_store_persistent'
2025-07-09 21:55:40.746474+00:00 [info] <0.472.0> Message store for directory '/var/lib/rabbitmq/mnesia/rabbit@0ecbaec9a95a/msg_stores/vhosts/628WB79CIFDYO9LJI6DKMI09L/msg_store_persistent' is stopped
2025-07-09 21:55:40.746787+00:00 [info] <0.468.0> Stopping message store for directory '/var/lib/rabbitmq/mnesia/rabbit@0ecbaec9a95a/msg_stores/vhosts/628WB79CIFDYO9LJI6DKMI09L/msg_store_transient'
2025-07-09 21:55:40.774922+00:00 [info] <0.468.0> Message store for directory '/var/lib/rabbitmq/mnesia/rabbit@0ecbaec9a95a/msg_stores/vhosts/628WB79CIFDYO9LJI6DKMI09L/msg_store_transient' is stopped
